mode: set
github.com/n24q02m/skret/internal/auth/auth.go:28.39,29.26 1 1
github.com/n24q02m/skret/internal/auth/auth.go:29.26,31.3 1 1
github.com/n24q02m/skret/internal/auth/auth.go:32.2,32.38 1 1
github.com/n24q02m/skret/internal/auth/auth.go:55.40,57.2 1 1
github.com/n24q02m/skret/internal/auth/auth.go:61.77,64.16 3 1
github.com/n24q02m/skret/internal/auth/auth.go:64.16,66.3 1 1
github.com/n24q02m/skret/internal/auth/auth.go:67.2,67.22 1 1
github.com/n24q02m/skret/internal/auth/auth.go:67.22,69.3 1 0
github.com/n24q02m/skret/internal/auth/auth.go:70.2,70.18 1 1
github.com/n24q02m/skret/internal/auth/auth.go:74.84,76.9 2 1
github.com/n24q02m/skret/internal/auth/auth.go:76.9,78.3 1 1
github.com/n24q02m/skret/internal/auth/auth.go:80.2,81.17 2 1
github.com/n24q02m/skret/internal/auth/auth.go:81.17,83.3 1 1
github.com/n24q02m/skret/internal/auth/auth.go:84.2,84.43 1 1
github.com/n24q02m/skret/internal/auth/auth.go:84.43,86.3 1 1
github.com/n24q02m/skret/internal/auth/auth.go:88.2,89.16 2 1
github.com/n24q02m/skret/internal/auth/auth.go:89.16,91.3 1 0
github.com/n24q02m/skret/internal/auth/auth.go:92.2,95.25 3 1
github.com/n24q02m/skret/internal/auth/autoauth.go:12.34,13.16 1 1
github.com/n24q02m/skret/internal/auth/autoauth.go:13.16,15.3 1 1
github.com/n24q02m/skret/internal/auth/autoauth.go:16.2,26.4 2 1
github.com/n24q02m/skret/internal/auth/autoauth.go:26.4,27.70 1 1
github.com/n24q02m/skret/internal/auth/autoauth.go:27.70,29.4 1 1
github.com/n24q02m/skret/internal/auth/autoauth.go:31.2,31.14 1 1
github.com/n24q02m/skret/internal/auth/autoauth.go:36.80,38.23 2 1
github.com/n24q02m/skret/internal/auth/autoauth.go:38.23,40.3 1 1
github.com/n24q02m/skret/internal/auth/autoauth.go:42.2,43.20 2 1
github.com/n24q02m/skret/internal/auth/autoauth.go:43.20,45.3 1 1
github.com/n24q02m/skret/internal/auth/autoauth.go:47.2,48.49 2 0
github.com/n24q02m/skret/internal/auth/autoauth.go:48.49,50.3 1 0
github.com/n24q02m/skret/internal/auth/autoauth.go:52.2,52.60 1 0
github.com/n24q02m/skret/internal/auth/autoauth.go:52.60,54.3 1 0
github.com/n24q02m/skret/internal/auth/autoauth.go:55.2,55.13 1 0
github.com/n24q02m/skret/internal/auth/prompt.go:16.42,18.2 1 1
github.com/n24q02m/skret/internal/auth/prompt.go:22.32,24.16 2 1
github.com/n24q02m/skret/internal/auth/prompt.go:24.16,26.3 1 0
github.com/n24q02m/skret/internal/auth/prompt.go:28.2,28.41 1 1
github.com/n24q02m/skret/internal/auth/prompt.go:33.60,36.30 3 1
github.com/n24q02m/skret/internal/auth/prompt.go:36.30,38.3 1 0
github.com/n24q02m/skret/internal/auth/prompt.go:39.2,40.48 2 1
github.com/n24q02m/skret/internal/auth/prompt.go:44.79,46.28 2 1
github.com/n24q02m/skret/internal/auth/prompt.go:46.28,48.17 2 1
github.com/n24q02m/skret/internal/auth/prompt.go:48.17,50.4 1 1
github.com/n24q02m/skret/internal/auth/prompt.go:51.3,51.43 1 1
github.com/n24q02m/skret/internal/auth/prompt.go:53.2,55.16 3 1
github.com/n24q02m/skret/internal/auth/prompt.go:55.16,57.3 1 0
github.com/n24q02m/skret/internal/auth/prompt.go:58.2,59.49 2 1
github.com/n24q02m/skret/internal/auth/prompt.go:59.49,61.3 1 1
github.com/n24q02m/skret/internal/auth/prompt.go:62.2,62.28 1 1
github.com/n24q02m/skret/internal/auth/prompt.go:66.57,68.22 2 0
github.com/n24q02m/skret/internal/auth/prompt.go:69.16,70.46 1 0
github.com/n24q02m/skret/internal/auth/prompt.go:71.17,72.81 1 0
github.com/n24q02m/skret/internal/auth/prompt.go:73.10,74.50 1 0
github.com/n24q02m/skret/internal/auth/prompt.go:76.2,76.20 1 0
github.com/n24q02m/skret/internal/auth/store.go:17.24,19.16 2 1
github.com/n24q02m/skret/internal/auth/store.go:19.16,21.3 1 0
github.com/n24q02m/skret/internal/auth/store.go:22.2,22.72 1 1
github.com/n24q02m/skret/internal/auth/store.go:26.43,28.2 1 1
github.com/n24q02m/skret/internal/auth/store.go:35.44,37.16 2 1
github.com/n24q02m/skret/internal/auth/store.go:37.16,38.25 1 1
github.com/n24q02m/skret/internal/auth/store.go:38.25,40.4 1 1
github.com/n24q02m/skret/internal/auth/store.go:41.3,41.65 1 0
github.com/n24q02m/skret/internal/auth/store.go:43.2,44.48 2 1
github.com/n24q02m/skret/internal/auth/store.go:44.48,46.3 1 1
github.com/n24q02m/skret/internal/auth/store.go:47.2,47.24 1 1
github.com/n24q02m/skret/internal/auth/store.go:47.24,49.3 1 1
github.com/n24q02m/skret/internal/auth/store.go:50.2,50.21 1 1
github.com/n24q02m/skret/internal/auth/store.go:50.21,52.3 1 1
github.com/n24q02m/skret/internal/auth/store.go:53.2,53.16 1 1
github.com/n24q02m/skret/internal/auth/store.go:56.43,57.65 1 1
github.com/n24q02m/skret/internal/auth/store.go:57.65,59.3 1 0
github.com/n24q02m/skret/internal/auth/store.go:60.2,61.16 2 1
github.com/n24q02m/skret/internal/auth/store.go:61.16,63.3 1 0
github.com/n24q02m/skret/internal/auth/store.go:64.2,65.16 2 1
github.com/n24q02m/skret/internal/auth/store.go:65.16,67.3 1 0
github.com/n24q02m/skret/internal/auth/store.go:68.2,69.42 2 1
github.com/n24q02m/skret/internal/auth/store.go:69.42,73.3 3 0
github.com/n24q02m/skret/internal/auth/store.go:74.2,74.41 1 1
github.com/n24q02m/skret/internal/auth/store.go:74.41,78.3 3 0
github.com/n24q02m/skret/internal/auth/store.go:79.2,79.36 1 1
github.com/n24q02m/skret/internal/auth/store.go:79.36,82.3 2 0
github.com/n24q02m/skret/internal/auth/store.go:83.2,83.51 1 1
github.com/n24q02m/skret/internal/auth/store.go:83.51,86.3 2 0
github.com/n24q02m/skret/internal/auth/store.go:87.2,87.12 1 1
github.com/n24q02m/skret/internal/auth/store.go:91.46,93.16 2 1
github.com/n24q02m/skret/internal/auth/store.go:93.16,95.3 1 1
github.com/n24q02m/skret/internal/auth/store.go:96.2,97.19 2 1
github.com/n24q02m/skret/internal/auth/store.go:101.60,103.16 2 1
github.com/n24q02m/skret/internal/auth/store.go:103.16,105.3 1 1
github.com/n24q02m/skret/internal/auth/store.go:106.2,107.9 2 1
github.com/n24q02m/skret/internal/auth/store.go:107.9,109.3 1 1
github.com/n24q02m/skret/internal/auth/store.go:110.2,111.15 2 1
github.com/n24q02m/skret/internal/auth/store.go:115.47,117.16 2 1
github.com/n24q02m/skret/internal/auth/store.go:117.16,119.3 1 1
github.com/n24q02m/skret/internal/auth/store.go:120.2,121.19 2 1
github.com/n24q02m/skret/internal/auth/store.go:125.42,127.16 2 1
github.com/n24q02m/skret/internal/auth/store.go:127.16,129.3 1 1
github.com/n24q02m/skret/internal/auth/store.go:130.2,131.29 2 1
github.com/n24q02m/skret/internal/auth/store.go:131.29,133.3 1 1
github.com/n24q02m/skret/internal/auth/store.go:134.2,134.19 1 1
github.com/n24q02m/skret/internal/provider/aws/auth.go:13.85,16.18 2 1
github.com/n24q02m/skret/internal/provider/aws/auth.go:16.18,18.3 1 1
github.com/n24q02m/skret/internal/provider/aws/auth.go:19.2,19.19 1 1
github.com/n24q02m/skret/internal/provider/aws/auth.go:19.19,21.3 1 1
github.com/n24q02m/skret/internal/provider/aws/auth.go:23.2,24.16 2 1
github.com/n24q02m/skret/internal/provider/aws/auth.go:24.16,26.3 1 1
github.com/n24q02m/skret/internal/provider/aws/auth.go:28.2,28.17 1 1
github.com/n24q02m/skret/internal/provider/aws/aws.go:30.71,33.16 2 1
github.com/n24q02m/skret/internal/provider/aws/aws.go:33.16,35.3 1 1
github.com/n24q02m/skret/internal/provider/aws/aws.go:37.2,38.55 2 1
github.com/n24q02m/skret/internal/provider/aws/aws.go:42.75,44.2 1 1
github.com/n24q02m/skret/internal/provider/aws/aws.go:46.34,46.50 1 1
github.com/n24q02m/skret/internal/provider/aws/aws.go:48.57,56.2 1 1
github.com/n24q02m/skret/internal/provider/aws/aws.go:58.83,63.16 2 1
github.com/n24q02m/skret/internal/provider/aws/aws.go:63.16,65.3 1 1
github.com/n24q02m/skret/internal/provider/aws/aws.go:67.2,73.35 3 1
github.com/n24q02m/skret/internal/provider/aws/aws.go:73.35,75.3 1 1
github.com/n24q02m/skret/internal/provider/aws/aws.go:76.2,76.15 1 1
github.com/n24q02m/skret/internal/provider/aws/aws.go:79.93,80.22 1 1
github.com/n24q02m/skret/internal/provider/aws/aws.go:80.22,82.3 1 1
github.com/n24q02m/skret/internal/provider/aws/aws.go:83.2,86.6 3 1
github.com/n24q02m/skret/internal/provider/aws/aws.go:86.6,93.17 2 1
github.com/n24q02m/skret/internal/provider/aws/aws.go:93.17,95.4 1 1
github.com/n24q02m/skret/internal/provider/aws/aws.go:97.3,97.36 1 1
github.com/n24q02m/skret/internal/provider/aws/aws.go:97.36,104.37 3 1
github.com/n24q02m/skret/internal/provider/aws/aws.go:104.37,106.5 1 1
github.com/n24q02m/skret/internal/provider/aws/aws.go:107.4,107.32 1 1
github.com/n24q02m/skret/internal/provider/aws/aws.go:110.3,110.30 1 1
github.com/n24q02m/skret/internal/provider/aws/aws.go:110.30,111.9 1 1
github.com/n24q02m/skret/internal/provider/aws/aws.go:113.3,113.31 1 1
github.com/n24q02m/skret/internal/provider/aws/aws.go:115.2,115.21 1 1
github.com/n24q02m/skret/internal/provider/aws/aws.go:118.103,125.28 2 1
github.com/n24q02m/skret/internal/provider/aws/aws.go:125.28,127.3 1 1
github.com/n24q02m/skret/internal/provider/aws/aws.go:128.2,128.24 1 1
github.com/n24q02m/skret/internal/provider/aws/aws.go:128.24,129.31 1 1
github.com/n24q02m/skret/internal/provider/aws/aws.go:129.31,134.4 1 1
github.com/n24q02m/skret/internal/provider/aws/aws.go:137.2,138.16 2 1
github.com/n24q02m/skret/internal/provider/aws/aws.go:138.16,140.3 1 1
github.com/n24q02m/skret/internal/provider/aws/aws.go:141.2,141.12 1 1
github.com/n24q02m/skret/internal/provider/aws/aws.go:144.66,148.16 2 1
github.com/n24q02m/skret/internal/provider/aws/aws.go:148.16,150.3 1 1
github.com/n24q02m/skret/internal/provider/aws/aws.go:151.2,151.12 1 1
github.com/n24q02m/skret/internal/provider/aws/aws.go:154.92,158.6 3 1
github.com/n24q02m/skret/internal/provider/aws/aws.go:158.6,164.17 2 1
github.com/n24q02m/skret/internal/provider/aws/aws.go:164.17,166.4 1 1
github.com/n24q02m/skret/internal/provider/aws/aws.go:168.3,168.36 1 1
github.com/n24q02m/skret/internal/provider/aws/aws.go:168.36,175.37 3 1
github.com/n24q02m/skret/internal/provider/aws/aws.go:175.37,177.5 1 1
github.com/n24q02m/skret/internal/provider/aws/aws.go:178.4,178.32 1 1
github.com/n24q02m/skret/internal/provider/aws/aws.go:181.3,181.30 1 1
github.com/n24q02m/skret/internal/provider/aws/aws.go:181.30,182.9 1 1
github.com/n24q02m/skret/internal/provider/aws/aws.go:184.3,184.31 1 1
github.com/n24q02m/skret/internal/provider/aws/aws.go:186.2,186.21 1 1
github.com/n24q02m/skret/internal/provider/aws/aws.go:189.83,191.16 2 1
github.com/n24q02m/skret/internal/provider/aws/aws.go:191.16,193.3 1 1
github.com/n24q02m/skret/internal/provider/aws/aws.go:194.2,195.28 2 1
github.com/n24q02m/skret/internal/provider/aws/aws.go:195.28,196.27 1 1
github.com/n24q02m/skret/internal/provider/aws/aws.go:196.27,198.9 2 1
github.com/n24q02m/skret/internal/provider/aws/aws.go:201.2,201.18 1 1
github.com/n24q02m/skret/internal/provider/aws/aws.go:201.18,203.3 1 1
github.com/n24q02m/skret/internal/provider/aws/aws.go:204.2,204.49 1 1
github.com/n24q02m/skret/internal/provider/aws/aws.go:207.34,207.48 1 1
github.com/n24q02m/skret/internal/provider/aws/errors.go:11.48,13.31 2 1
github.com/n24q02m/skret/internal/provider/aws/errors.go:13.31,15.3 1 1
github.com/n24q02m/skret/internal/provider/aws/errors.go:17.2,18.36 2 1
github.com/n24q02m/skret/internal/provider/aws/errors.go:18.36,20.3 1 1
github.com/n24q02m/skret/internal/provider/aws/errors.go:22.2,22.51 1 1
github.com/n24q02m/skret/internal/version/version.go:11.22,13.2 1 1
github.com/n24q02m/skret/internal/logging/logger.go:10.34,12.32 2 1
github.com/n24q02m/skret/internal/logging/logger.go:13.15,14.24 1 1
github.com/n24q02m/skret/internal/logging/logger.go:15.25,16.23 1 0
github.com/n24q02m/skret/internal/logging/logger.go:17.15,18.24 1 1
github.com/n24q02m/skret/internal/logging/logger.go:19.10,20.23 1 1
github.com/n24q02m/skret/internal/logging/logger.go:23.2,26.33 3 1
github.com/n24q02m/skret/internal/logging/logger.go:27.14,28.49 1 1
github.com/n24q02m/skret/internal/logging/logger.go:29.10,30.49 1 1
github.com/n24q02m/skret/internal/logging/logger.go:33.2,34.36 2 1
github.com/n24q02m/skret/internal/logging/redact.go:26.64,28.2 1 1
github.com/n24q02m/skret/internal/logging/redact.go:30.80,32.2 1 1
github.com/n24q02m/skret/internal/logging/redact.go:34.77,36.33 2 1
github.com/n24q02m/skret/internal/logging/redact.go:36.33,39.3 2 1
github.com/n24q02m/skret/internal/logging/redact.go:41.2,42.26 2 1
github.com/n24q02m/skret/internal/logging/redact.go:42.26,44.3 1 1
github.com/n24q02m/skret/internal/logging/redact.go:45.2,45.39 1 1
github.com/n24q02m/skret/internal/logging/redact.go:48.70,50.26 2 1
github.com/n24q02m/skret/internal/logging/redact.go:50.26,52.3 1 1
github.com/n24q02m/skret/internal/logging/redact.go:53.2,53.62 1 1
github.com/n24q02m/skret/internal/logging/redact.go:56.64,58.2 1 1
github.com/n24q02m/skret/internal/logging/redact.go:60.40,61.39 1 1
github.com/n24q02m/skret/internal/logging/redact.go:61.39,63.24 2 1
github.com/n24q02m/skret/internal/logging/redact.go:63.24,65.4 1 1
github.com/n24q02m/skret/internal/logging/redact.go:67.2,67.10 1 1
github.com/n24q02m/skret/internal/logging/redact.go:70.36,71.35 1 1
github.com/n24q02m/skret/internal/logging/redact.go:71.35,72.25 1 1
github.com/n24q02m/skret/internal/logging/redact.go:72.25,74.4 1 1
github.com/n24q02m/skret/internal/logging/redact.go:76.2,76.14 1 1
github.com/n24q02m/skret/internal/provider/registry.go:21.30,23.2 1 1
github.com/n24q02m/skret/internal/provider/registry.go:26.60,30.2 3 1
github.com/n24q02m/skret/internal/provider/registry.go:33.89,38.9 4 1
github.com/n24q02m/skret/internal/provider/registry.go:38.9,40.3 1 1
github.com/n24q02m/skret/internal/provider/registry.go:41.2,41.18 1 1
github.com/n24q02m/skret/internal/provider/registry.go:45.41,49.35 4 1
github.com/n24q02m/skret/internal/provider/registry.go:49.35,51.3 1 1
github.com/n24q02m/skret/internal/provider/registry.go:52.2,53.14 2 1
github.com/n24q02m/skret/internal/exec/exec.go:13.108,15.28 2 1
github.com/n24q02m/skret/internal/exec/exec.go:15.28,17.3 1 1
github.com/n24q02m/skret/internal/exec/exec.go:19.2,21.29 3 1
github.com/n24q02m/skret/internal/exec/exec.go:21.29,25.3 3 1
github.com/n24q02m/skret/internal/exec/exec.go:27.2,28.28 2 1
github.com/n24q02m/skret/internal/exec/exec.go:28.28,30.23 2 1
github.com/n24q02m/skret/internal/exec/exec.go:30.23,31.12 1 1
github.com/n24q02m/skret/internal/exec/exec.go:33.3,33.45 1 1
github.com/n24q02m/skret/internal/exec/exec.go:33.45,34.12 1 1
github.com/n24q02m/skret/internal/exec/exec.go:36.3,36.29 1 1
github.com/n24q02m/skret/internal/exec/exec.go:40.2,40.26 1 1
github.com/n24q02m/skret/internal/exec/exec.go:40.26,42.32 2 1
github.com/n24q02m/skret/internal/exec/exec.go:42.32,43.33 1 1
github.com/n24q02m/skret/internal/exec/exec.go:43.33,44.13 1 1
github.com/n24q02m/skret/internal/exec/exec.go:46.4,46.51 1 1
github.com/n24q02m/skret/internal/exec/exec.go:46.51,48.40 1 1
github.com/n24q02m/skret/internal/exec/exec.go:48.40,50.6 1 0
github.com/n24q02m/skret/internal/exec/exec.go:52.5,52.38 1 1
github.com/n24q02m/skret/internal/exec/exec.go:52.38,54.6 1 1
github.com/n24q02m/skret/internal/exec/exec.go:56.5,56.26 1 1
github.com/n24q02m/skret/internal/exec/exec.go:58.4,58.19 1 1
github.com/n24q02m/skret/internal/exec/exec.go:58.19,61.5 2 1
github.com/n24q02m/skret/internal/exec/exec.go:63.3,63.15 1 1
github.com/n24q02m/skret/internal/exec/exec.go:63.15,64.9 1 1
github.com/n24q02m/skret/internal/exec/exec.go:68.2,68.31 1 1
github.com/n24q02m/skret/internal/exec/exec.go:68.31,70.3 1 1
github.com/n24q02m/skret/internal/exec/exec.go:72.2,72.12 1 1
github.com/n24q02m/skret/internal/exec/exec.go:78.50,80.60 2 1
github.com/n24q02m/skret/internal/exec/exec.go:80.60,82.35 2 1
github.com/n24q02m/skret/internal/exec/exec.go:82.35,84.4 1 1
github.com/n24q02m/skret/internal/exec/exec.go:86.2,87.30 2 1
github.com/n24q02m/skret/internal/exec/exec_windows.go:16.60,23.2 6 1
github.com/n24q02m/skret/internal/config/loader.go:19.41,21.16 2 1
github.com/n24q02m/skret/internal/config/loader.go:21.16,23.3 1 1
github.com/n24q02m/skret/internal/config/loader.go:25.2,26.51 2 1
github.com/n24q02m/skret/internal/config/loader.go:26.51,28.3 1 1
github.com/n24q02m/skret/internal/config/loader.go:30.2,30.39 1 1
github.com/n24q02m/skret/internal/config/loader.go:30.39,32.3 1 1
github.com/n24q02m/skret/internal/config/loader.go:34.2,34.18 1 1
github.com/n24q02m/skret/internal/config/loader.go:38.48,40.16 2 1
github.com/n24q02m/skret/internal/config/loader.go:40.16,42.3 1 0
github.com/n24q02m/skret/internal/config/loader.go:44.2,44.6 1 1
github.com/n24q02m/skret/internal/config/loader.go:44.6,46.47 2 1
github.com/n24q02m/skret/internal/config/loader.go:46.47,48.4 1 1
github.com/n24q02m/skret/internal/config/loader.go:51.3,51.64 1 1
github.com/n24q02m/skret/internal/config/loader.go:51.64,53.4 1 1
github.com/n24q02m/skret/internal/config/loader.go:55.3,56.20 2 1
github.com/n24q02m/skret/internal/config/loader.go:56.20,58.4 1 0
github.com/n24q02m/skret/internal/config/loader.go:59.3,59.15 1 1
github.com/n24q02m/skret/internal/config/resolver.go:32.70,34.49 2 1
github.com/n24q02m/skret/internal/config/resolver.go:34.49,35.38 1 1
github.com/n24q02m/skret/internal/config/resolver.go:35.38,37.4 1 1
github.com/n24q02m/skret/internal/config/resolver.go:39.2,39.19 1 1
github.com/n24q02m/skret/internal/config/resolver.go:39.19,41.3 1 1
github.com/n24q02m/skret/internal/config/resolver.go:43.2,44.9 2 1
github.com/n24q02m/skret/internal/config/resolver.go:44.9,46.3 1 1
github.com/n24q02m/skret/internal/config/resolver.go:48.2,58.8 1 1
github.com/n24q02m/skret/internal/config/resolver.go:61.45,62.27 1 1
github.com/n24q02m/skret/internal/config/resolver.go:62.27,63.14 1 1
github.com/n24q02m/skret/internal/config/resolver.go:63.14,65.4 1 1
github.com/n24q02m/skret/internal/config/resolver.go:67.2,67.11 1 1
github.com/n24q02m/skret/internal/config/schema.go:26.35,27.21 1 1
github.com/n24q02m/skret/internal/config/schema.go:27.21,29.3 1 1
github.com/n24q02m/skret/internal/config/schema.go:30.2,30.22 1 1
github.com/n24q02m/skret/internal/config/schema.go:30.22,32.3 1 1
github.com/n24q02m/skret/internal/config/schema.go:33.2,33.30 1 1
github.com/n24q02m/skret/internal/config/schema.go:33.30,35.3 1 1
github.com/n24q02m/skret/internal/config/schema.go:36.2,36.24 1 1
github.com/n24q02m/skret/internal/config/schema.go:36.24,37.49 1 1
github.com/n24q02m/skret/internal/config/schema.go:37.49,39.4 1 1
github.com/n24q02m/skret/internal/config/schema.go:41.2,41.40 1 1
github.com/n24q02m/skret/internal/config/schema.go:41.40,42.44 1 1
github.com/n24q02m/skret/internal/config/schema.go:42.44,44.4 1 1
github.com/n24q02m/skret/internal/config/schema.go:46.2,46.12 1 1
github.com/n24q02m/skret/internal/config/schema.go:49.51,50.22 1 1
github.com/n24q02m/skret/internal/config/schema.go:50.22,52.3 1 1
github.com/n24q02m/skret/internal/config/schema.go:53.2,53.20 1 1
github.com/n24q02m/skret/internal/config/schema.go:54.13,55.19 1 1
github.com/n24q02m/skret/internal/config/schema.go:55.19,57.4 1 1
github.com/n24q02m/skret/internal/config/schema.go:58.15,59.19 1 1
github.com/n24q02m/skret/internal/config/schema.go:59.19,61.4 1 1
github.com/n24q02m/skret/internal/config/schema.go:62.10,63.85 1 1
github.com/n24q02m/skret/internal/config/schema.go:65.2,65.12 1 1
github.com/n24q02m/skret/internal/provider/local/local.go:29.71,31.16 2 1
github.com/n24q02m/skret/internal/provider/local/local.go:31.16,33.3 1 0
github.com/n24q02m/skret/internal/provider/local/local.go:35.2,36.33 2 1
github.com/n24q02m/skret/internal/provider/local/local.go:36.33,38.3 1 1
github.com/n24q02m/skret/internal/provider/local/local.go:39.2,39.15 1 1
github.com/n24q02m/skret/internal/provider/local/local.go:42.34,42.52 1 1
github.com/n24q02m/skret/internal/provider/local/local.go:44.57,46.2 1 1
github.com/n24q02m/skret/internal/provider/local/local.go:48.81,52.9 4 1
github.com/n24q02m/skret/internal/provider/local/local.go:52.9,54.3 1 1
github.com/n24q02m/skret/internal/provider/local/local.go:55.2,55.52 1 1
github.com/n24q02m/skret/internal/provider/local/local.go:58.82,62.35 4 1
github.com/n24q02m/skret/internal/provider/local/local.go:62.35,64.3 1 1
github.com/n24q02m/skret/internal/provider/local/local.go:65.2,65.42 1 1
github.com/n24q02m/skret/internal/provider/local/local.go:65.42,65.84 1 1
github.com/n24q02m/skret/internal/provider/local/local.go:66.2,66.21 1 1
github.com/n24q02m/skret/internal/provider/local/local.go:69.98,72.27 3 1
github.com/n24q02m/skret/internal/provider/local/local.go:72.27,74.3 1 1
github.com/n24q02m/skret/internal/provider/local/local.go:75.2,76.17 2 1
github.com/n24q02m/skret/internal/provider/local/local.go:79.64,82.39 3 1
github.com/n24q02m/skret/internal/provider/local/local.go:82.39,84.3 1 1
github.com/n24q02m/skret/internal/provider/local/local.go:85.2,86.17 2 1
github.com/n24q02m/skret/internal/provider/local/local.go:89.90,91.2 1 1
github.com/n24q02m/skret/internal/provider/local/local.go:93.81,95.2 1 1
github.com/n24q02m/skret/internal/provider/local/local.go:97.34,97.48 1 1
github.com/n24q02m/skret/internal/provider/local/local.go:99.33,101.16 2 1
github.com/n24q02m/skret/internal/provider/local/local.go:101.16,103.3 1 1
github.com/n24q02m/skret/internal/provider/local/local.go:104.2,104.37 1 1
github.com/n24q02m/skret/internal/provider/local/local.go:107.33,109.16 2 1
github.com/n24q02m/skret/internal/provider/local/local.go:109.16,111.3 1 0
github.com/n24q02m/skret/internal/provider/local/local.go:113.2,115.16 3 1
github.com/n24q02m/skret/internal/provider/local/local.go:115.16,117.3 1 1
github.com/n24q02m/skret/internal/provider/local/local.go:118.2,120.42 2 1
github.com/n24q02m/skret/internal/provider/local/local.go:120.42,124.3 3 0
github.com/n24q02m/skret/internal/provider/local/local.go:125.2,125.41 1 1
github.com/n24q02m/skret/internal/provider/local/local.go:125.41,129.3 3 0
github.com/n24q02m/skret/internal/provider/local/local.go:130.2,130.36 1 1
github.com/n24q02m/skret/internal/provider/local/local.go:130.36,133.3 2 0
github.com/n24q02m/skret/internal/provider/local/local.go:134.2,134.55 1 1
github.com/n24q02m/skret/internal/provider/local/local.go:134.55,137.3 2 1
github.com/n24q02m/skret/internal/provider/local/local.go:138.2,138.12 1 1
github.com/n24q02m/skret/internal/importer/doppler.go:22.66,23.19 1 1
github.com/n24q02m/skret/internal/importer/doppler.go:23.19,25.3 1 1
github.com/n24q02m/skret/internal/importer/doppler.go:26.2,26.91 1 1
github.com/n24q02m/skret/internal/importer/doppler.go:29.41,29.61 1 1
github.com/n24q02m/skret/internal/importer/doppler.go:31.81,35.16 3 1
github.com/n24q02m/skret/internal/importer/doppler.go:35.16,37.3 1 0
github.com/n24q02m/skret/internal/importer/doppler.go:38.2,44.16 5 1
github.com/n24q02m/skret/internal/importer/doppler.go:44.16,46.3 1 1
github.com/n24q02m/skret/internal/importer/doppler.go:47.2,49.38 2 1
github.com/n24q02m/skret/internal/importer/doppler.go:49.38,51.21 2 1
github.com/n24q02m/skret/internal/importer/doppler.go:51.21,53.4 1 0
github.com/n24q02m/skret/internal/importer/doppler.go:54.3,54.88 1 1
github.com/n24q02m/skret/internal/importer/doppler.go:57.2,58.67 2 1
github.com/n24q02m/skret/internal/importer/doppler.go:58.67,60.3 1 1
github.com/n24q02m/skret/internal/importer/doppler.go:62.2,63.31 2 1
github.com/n24q02m/skret/internal/importer/doppler.go:63.31,65.3 1 1
github.com/n24q02m/skret/internal/importer/doppler.go:66.2,66.42 1 1
github.com/n24q02m/skret/internal/importer/doppler.go:66.42,66.84 1 1
github.com/n24q02m/skret/internal/importer/doppler.go:67.2,67.21 1 1
github.com/n24q02m/skret/internal/importer/dotenv.go:17.42,19.2 1 1
github.com/n24q02m/skret/internal/importer/dotenv.go:21.40,21.59 1 1
github.com/n24q02m/skret/internal/importer/dotenv.go:23.78,25.16 2 1
github.com/n24q02m/skret/internal/importer/dotenv.go:25.16,27.3 1 1
github.com/n24q02m/skret/internal/importer/dotenv.go:28.2,32.21 4 1
github.com/n24q02m/skret/internal/importer/dotenv.go:32.21,34.49 2 1
github.com/n24q02m/skret/internal/importer/dotenv.go:34.49,35.12 1 1
github.com/n24q02m/skret/internal/importer/dotenv.go:37.3,40.13 3 1
github.com/n24q02m/skret/internal/importer/dotenv.go:40.13,41.12 1 1
github.com/n24q02m/skret/internal/importer/dotenv.go:43.3,47.68 4 1
github.com/n24q02m/skret/internal/importer/dotenv.go:49.2,49.38 1 1
github.com/n24q02m/skret/internal/importer/dotenv.go:49.38,51.3 1 0
github.com/n24q02m/skret/internal/importer/dotenv.go:52.2,52.21 1 1
github.com/n24q02m/skret/internal/importer/dotenv.go:55.31,56.17 1 1
github.com/n24q02m/skret/internal/importer/dotenv.go:56.17,57.83 1 1
github.com/n24q02m/skret/internal/importer/dotenv.go:57.83,59.4 1 1
github.com/n24q02m/skret/internal/importer/dotenv.go:61.2,61.10 1 1
github.com/n24q02m/skret/internal/importer/infisical.go:22.67,23.19 1 1
github.com/n24q02m/skret/internal/importer/infisical.go:23.19,25.3 1 1
github.com/n24q02m/skret/internal/importer/infisical.go:26.2,26.91 1 1
github.com/n24q02m/skret/internal/importer/infisical.go:29.43,29.65 1 1
github.com/n24q02m/skret/internal/importer/infisical.go:31.83,35.16 3 1
github.com/n24q02m/skret/internal/importer/infisical.go:35.16,37.3 1 0
github.com/n24q02m/skret/internal/importer/infisical.go:38.2,44.16 5 1
github.com/n24q02m/skret/internal/importer/infisical.go:44.16,46.3 1 0
github.com/n24q02m/skret/internal/importer/infisical.go:47.2,49.38 2 1
github.com/n24q02m/skret/internal/importer/infisical.go:49.38,52.3 2 1
github.com/n24q02m/skret/internal/importer/infisical.go:54.2,60.67 2 1
github.com/n24q02m/skret/internal/importer/infisical.go:60.67,62.3 1 1
github.com/n24q02m/skret/internal/importer/infisical.go:64.2,65.35 2 1
github.com/n24q02m/skret/internal/importer/infisical.go:65.35,67.3 1 1
github.com/n24q02m/skret/internal/importer/infisical.go:68.2,68.42 1 1
github.com/n24q02m/skret/internal/importer/infisical.go:68.42,68.84 1 1
github.com/n24q02m/skret/internal/importer/infisical.go:69.2,69.21 1 1
github.com/n24q02m/skret/internal/syncer/atomic.go:11.100,13.16 2 1
github.com/n24q02m/skret/internal/syncer/atomic.go:13.16,15.3 1 1
github.com/n24q02m/skret/internal/syncer/atomic.go:16.2,18.39 2 1
github.com/n24q02m/skret/internal/syncer/atomic.go:18.39,22.3 3 1
github.com/n24q02m/skret/internal/syncer/atomic.go:24.2,24.41 1 1
github.com/n24q02m/skret/internal/syncer/atomic.go:24.41,28.3 3 0
github.com/n24q02m/skret/internal/syncer/atomic.go:30.2,30.36 1 1
github.com/n24q02m/skret/internal/syncer/atomic.go:30.36,33.3 2 0
github.com/n24q02m/skret/internal/syncer/atomic.go:35.2,35.51 1 1
github.com/n24q02m/skret/internal/syncer/atomic.go:35.51,38.3 2 1
github.com/n24q02m/skret/internal/syncer/atomic.go:40.2,40.12 1 1
github.com/n24q02m/skret/internal/syncer/dotenv.go:19.40,21.2 1 1
github.com/n24q02m/skret/internal/syncer/dotenv.go:23.38,23.57 1 1
github.com/n24q02m/skret/internal/syncer/dotenv.go:25.82,26.42 1 1
github.com/n24q02m/skret/internal/syncer/dotenv.go:26.42,26.84 1 1
github.com/n24q02m/skret/internal/syncer/dotenv.go:28.2,29.82 2 1
github.com/n24q02m/skret/internal/syncer/dotenv.go:29.82,30.29 1 1
github.com/n24q02m/skret/internal/syncer/dotenv.go:30.29,31.71 1 1
github.com/n24q02m/skret/internal/syncer/dotenv.go:31.71,33.5 1 0
github.com/n24q02m/skret/internal/syncer/dotenv.go:35.3,35.13 1 1
github.com/n24q02m/skret/internal/syncer/github.go:30.59,31.19 1 1
github.com/n24q02m/skret/internal/syncer/github.go:31.19,33.3 1 1
github.com/n24q02m/skret/internal/syncer/github.go:34.2,42.3 1 1
github.com/n24q02m/skret/internal/syncer/github.go:45.38,45.57 1 1
github.com/n24q02m/skret/internal/syncer/github.go:47.84,49.16 2 1
github.com/n24q02m/skret/internal/syncer/github.go:49.16,51.3 1 1
github.com/n24q02m/skret/internal/syncer/github.go:53.2,58.28 5 1
github.com/n24q02m/skret/internal/syncer/github.go:58.28,60.31 2 1
github.com/n24q02m/skret/internal/syncer/github.go:60.31,63.11 2 1
github.com/n24q02m/skret/internal/syncer/github.go:64.27,65.18 1 1
github.com/n24q02m/skret/internal/syncer/github.go:65.18,65.27 1 1
github.com/n24q02m/skret/internal/syncer/github.go:66.22,68.11 2 0
github.com/n24q02m/skret/internal/syncer/github.go:71.4,71.74 1 1
github.com/n24q02m/skret/internal/syncer/github.go:71.74,73.5 1 1
github.com/n24q02m/skret/internal/syncer/github.go:77.2,80.9 3 1
github.com/n24q02m/skret/internal/syncer/github.go:81.22,82.13 1 1
github.com/n24q02m/skret/internal/syncer/github.go:83.10,84.13 1 0
github.com/n24q02m/skret/internal/syncer/github.go:88.82,92.16 3 1
github.com/n24q02m/skret/internal/syncer/github.go:92.16,94.3 1 0
github.com/n24q02m/skret/internal/syncer/github.go:95.2,99.16 4 1
github.com/n24q02m/skret/internal/syncer/github.go:99.16,101.3 1 1
github.com/n24q02m/skret/internal/syncer/github.go:102.2,104.38 2 1
github.com/n24q02m/skret/internal/syncer/github.go:104.38,106.21 2 1
github.com/n24q02m/skret/internal/syncer/github.go:106.21,108.4 1 0
github.com/n24q02m/skret/internal/syncer/github.go:109.3,109.90 1 1
github.com/n24q02m/skret/internal/syncer/github.go:112.2,116.67 2 1
github.com/n24q02m/skret/internal/syncer/github.go:116.67,118.3 1 1
github.com/n24q02m/skret/internal/syncer/github.go:119.2,119.38 1 1
github.com/n24q02m/skret/internal/syncer/github.go:122.99,124.16 2 1
github.com/n24q02m/skret/internal/syncer/github.go:124.16,126.3 1 1
github.com/n24q02m/skret/internal/syncer/github.go:128.2,132.16 4 1
github.com/n24q02m/skret/internal/syncer/github.go:132.16,134.3 1 0
github.com/n24q02m/skret/internal/syncer/github.go:135.2,140.16 5 1
github.com/n24q02m/skret/internal/syncer/github.go:140.16,142.3 1 0
github.com/n24q02m/skret/internal/syncer/github.go:143.2,145.86 2 1
github.com/n24q02m/skret/internal/syncer/github.go:145.86,147.21 2 1
github.com/n24q02m/skret/internal/syncer/github.go:147.21,149.4 1 0
github.com/n24q02m/skret/internal/syncer/github.go:150.3,150.86 1 1
github.com/n24q02m/skret/internal/syncer/github.go:152.2,152.12 1 1
github.com/n24q02m/skret/internal/syncer/github.go:157.68,159.16 2 1
github.com/n24q02m/skret/internal/syncer/github.go:159.16,161.3 1 1
github.com/n24q02m/skret/internal/syncer/github.go:162.2,162.28 1 1
github.com/n24q02m/skret/internal/syncer/github.go:162.28,164.3 1 1
github.com/n24q02m/skret/internal/syncer/github.go:166.2,170.16 4 1
github.com/n24q02m/skret/internal/syncer/github.go:170.16,172.3 1 0
github.com/n24q02m/skret/internal/syncer/github.go:174.2,174.55 1 1
github.com/n24q02m/skret/internal/cli/auth.go:12.34,23.2 5 1
github.com/n24q02m/skret/internal/cli/auth.go:25.39,32.55 2 1
github.com/n24q02m/skret/internal/cli/auth.go:32.55,35.20 3 1
github.com/n24q02m/skret/internal/cli/auth.go:35.20,37.5 1 0
github.com/n24q02m/skret/internal/cli/auth.go:39.4,40.58 2 1
github.com/n24q02m/skret/internal/cli/auth.go:40.58,42.5 1 1
github.com/n24q02m/skret/internal/cli/auth.go:44.4,45.14 2 0
github.com/n24q02m/skret/internal/cli/auth.go:49.2,51.12 2 1
github.com/n24q02m/skret/internal/cli/auth.go:54.40,58.52 1 1
github.com/n24q02m/skret/internal/cli/auth.go:58.52,63.32 4 1
github.com/n24q02m/skret/internal/cli/auth.go:63.32,65.19 2 1
github.com/n24q02m/skret/internal/cli/auth.go:65.19,67.14 2 1
github.com/n24q02m/skret/internal/cli/auth.go:70.5,71.25 2 1
github.com/n24q02m/skret/internal/cli/auth.go:71.25,73.6 1 0
github.com/n24q02m/skret/internal/cli/auth.go:76.5,76.65 1 1
github.com/n24q02m/skret/internal/cli/auth.go:76.65,78.6 1 0
github.com/n24q02m/skret/internal/cli/auth.go:80.5,80.68 1 1
github.com/n24q02m/skret/internal/cli/auth.go:83.4,83.14 1 1
github.com/n24q02m/skret/internal/cli/auth.go:88.40,93.55 1 1
github.com/n24q02m/skret/internal/cli/auth.go:93.55,97.49 3 1
github.com/n24q02m/skret/internal/cli/auth.go:97.49,99.5 1 0
github.com/n24q02m/skret/internal/cli/auth.go:101.4,102.14 2 1
github.com/n24q02m/skret/internal/cli/delete.go:14.52,24.55 2 1
github.com/n24q02m/skret/internal/cli/delete.go:24.55,26.18 2 1
github.com/n24q02m/skret/internal/cli/delete.go:26.18,28.5 1 0
github.com/n24q02m/skret/internal/cli/delete.go:29.4,33.26 3 1
github.com/n24q02m/skret/internal/cli/delete.go:33.26,37.76 4 1
github.com/n24q02m/skret/internal/cli/delete.go:37.76,40.6 2 1
github.com/n24q02m/skret/internal/cli/delete.go:43.4,44.45 2 1
github.com/n24q02m/skret/internal/cli/delete.go:44.45,46.5 1 1
github.com/n24q02m/skret/internal/cli/delete.go:48.4,49.14 2 1
github.com/n24q02m/skret/internal/cli/delete.go:53.2,56.12 3 1
github.com/n24q02m/skret/internal/cli/env.go:19.49,25.52 2 1
github.com/n24q02m/skret/internal/cli/env.go:25.52,27.18 2 1
github.com/n24q02m/skret/internal/cli/env.go:27.18,29.5 1 1
github.com/n24q02m/skret/internal/cli/env.go:30.4,30.44 1 1
github.com/n24q02m/skret/internal/cli/env.go:34.2,36.12 2 1
github.com/n24q02m/skret/internal/cli/env.go:39.55,41.16 2 1
github.com/n24q02m/skret/internal/cli/env.go:41.16,43.3 1 1
github.com/n24q02m/skret/internal/cli/env.go:44.2,48.16 4 1
github.com/n24q02m/skret/internal/cli/env.go:48.16,50.3 1 0
github.com/n24q02m/skret/internal/cli/env.go:52.2,54.37 3 1
github.com/n24q02m/skret/internal/cli/env.go:54.37,56.3 1 1
github.com/n24q02m/skret/internal/cli/env.go:57.2,57.28 1 1
github.com/n24q02m/skret/internal/cli/env.go:57.28,59.23 2 1
github.com/n24q02m/skret/internal/cli/env.go:59.23,60.12 1 1
github.com/n24q02m/skret/internal/cli/env.go:62.3,62.61 1 1
github.com/n24q02m/skret/internal/cli/env.go:64.2,64.40 1 1
github.com/n24q02m/skret/internal/cli/env.go:64.40,64.80 1 1
github.com/n24q02m/skret/internal/cli/env.go:66.2,66.19 1 1
github.com/n24q02m/skret/internal/cli/env.go:69.78,70.16 1 1
github.com/n24q02m/skret/internal/cli/env.go:71.14,73.27 2 1
github.com/n24q02m/skret/internal/cli/env.go:73.27,75.4 1 1
github.com/n24q02m/skret/internal/cli/env.go:76.3,77.17 2 1
github.com/n24q02m/skret/internal/cli/env.go:77.17,79.4 1 0
github.com/n24q02m/skret/internal/cli/env.go:80.3,80.28 1 1
github.com/n24q02m/skret/internal/cli/env.go:82.14,84.27 2 1
github.com/n24q02m/skret/internal/cli/env.go:84.27,86.4 1 1
github.com/n24q02m/skret/internal/cli/env.go:87.3,88.17 2 1
github.com/n24q02m/skret/internal/cli/env.go:88.17,90.4 1 0
github.com/n24q02m/skret/internal/cli/env.go:91.3,91.26 1 1
github.com/n24q02m/skret/internal/cli/env.go:93.16,94.27 1 1
github.com/n24q02m/skret/internal/cli/env.go:94.27,96.4 1 1
github.com/n24q02m/skret/internal/cli/env.go:98.10,99.27 1 1
github.com/n24q02m/skret/internal/cli/env.go:99.27,101.4 1 1
github.com/n24q02m/skret/internal/cli/env.go:103.2,103.12 1 1
github.com/n24q02m/skret/internal/cli/env.go:106.38,108.2 1 1
github.com/n24q02m/skret/internal/cli/get.go:12.49,23.55 2 1
github.com/n24q02m/skret/internal/cli/get.go:23.55,25.18 2 1
github.com/n24q02m/skret/internal/cli/get.go:25.18,27.5 1 0
github.com/n24q02m/skret/internal/cli/get.go:28.4,32.18 4 1
github.com/n24q02m/skret/internal/cli/get.go:32.18,34.5 1 1
github.com/n24q02m/skret/internal/cli/get.go:36.4,36.11 1 1
github.com/n24q02m/skret/internal/cli/get.go:37.36,42.21 2 1
github.com/n24q02m/skret/internal/cli/get.go:42.21,45.6 2 1
github.com/n24q02m/skret/internal/cli/get.go:46.5,47.19 2 1
github.com/n24q02m/skret/internal/cli/get.go:47.19,49.6 1 0
github.com/n24q02m/skret/internal/cli/get.go:50.5,50.30 1 1
github.com/n24q02m/skret/internal/cli/get.go:51.15,52.28 1 1
github.com/n24q02m/skret/internal/cli/get.go:53.12,54.30 1 1
github.com/n24q02m/skret/internal/cli/get.go:56.4,56.14 1 1
github.com/n24q02m/skret/internal/cli/get.go:60.2,64.12 4 1
github.com/n24q02m/skret/internal/cli/helpers.go:16.43,21.2 4 1
github.com/n24q02m/skret/internal/cli/helpers.go:24.94,26.16 2 1
github.com/n24q02m/skret/internal/cli/helpers.go:26.16,28.3 1 0
github.com/n24q02m/skret/internal/cli/helpers.go:30.2,31.16 2 1
github.com/n24q02m/skret/internal/cli/helpers.go:31.16,33.3 1 1
github.com/n24q02m/skret/internal/cli/helpers.go:35.2,36.16 2 1
github.com/n24q02m/skret/internal/cli/helpers.go:36.16,38.3 1 1
github.com/n24q02m/skret/internal/cli/helpers.go:40.2,49.16 3 1
github.com/n24q02m/skret/internal/cli/helpers.go:49.16,51.3 1 0
github.com/n24q02m/skret/internal/cli/helpers.go:53.2,55.16 3 1
github.com/n24q02m/skret/internal/cli/helpers.go:55.16,57.3 1 0
github.com/n24q02m/skret/internal/cli/helpers.go:59.2,59.25 1 1
github.com/n24q02m/skret/internal/cli/history.go:15.53,22.55 2 1
github.com/n24q02m/skret/internal/cli/history.go:22.55,23.46 1 1
github.com/n24q02m/skret/internal/cli/history.go:23.46,25.5 1 1
github.com/n24q02m/skret/internal/cli/history.go:27.4,28.18 2 1
github.com/n24q02m/skret/internal/cli/history.go:28.18,30.5 1 0
github.com/n24q02m/skret/internal/cli/history.go:31.4,37.18 5 1
github.com/n24q02m/skret/internal/cli/history.go:37.18,39.5 1 1
github.com/n24q02m/skret/internal/cli/history.go:41.4,41.52 1 0
github.com/n24q02m/skret/internal/cli/history.go:45.2,47.12 2 1
github.com/n24q02m/skret/internal/cli/history.go:51.100,52.23 1 1
github.com/n24q02m/skret/internal/cli/history.go:52.23,55.3 2 1
github.com/n24q02m/skret/internal/cli/history.go:57.2,60.28 3 1
github.com/n24q02m/skret/internal/cli/history.go:60.28,62.15 2 1
github.com/n24q02m/skret/internal/cli/history.go:62.15,63.20 1 1
github.com/n24q02m/skret/internal/cli/history.go:63.20,65.5 1 1
github.com/n24q02m/skret/internal/cli/history.go:65.10,67.5 1 1
github.com/n24q02m/skret/internal/cli/history.go:70.3,71.32 2 1
github.com/n24q02m/skret/internal/cli/history.go:71.32,73.4 1 1
github.com/n24q02m/skret/internal/cli/history.go:75.3,76.19 2 1
github.com/n24q02m/skret/internal/cli/history.go:76.19,78.4 1 1
github.com/n24q02m/skret/internal/cli/history.go:80.3,80.72 1 1
github.com/n24q02m/skret/internal/cli/history.go:82.2,82.18 1 1
github.com/n24q02m/skret/internal/cli/import.go:31.52,37.52 2 1
github.com/n24q02m/skret/internal/cli/import.go:37.52,39.4 1 1
github.com/n24q02m/skret/internal/cli/import.go:42.2,53.12 11 1
github.com/n24q02m/skret/internal/cli/import.go:57.69,58.16 1 1
github.com/n24q02m/skret/internal/cli/import.go:59.16,61.17 2 1
github.com/n24q02m/skret/internal/cli/import.go:61.17,63.4 1 1
github.com/n24q02m/skret/internal/cli/import.go:64.3,64.39 1 1
github.com/n24q02m/skret/internal/cli/import.go:65.17,67.18 2 1
github.com/n24q02m/skret/internal/cli/import.go:67.18,69.4 1 1
github.com/n24q02m/skret/internal/cli/import.go:70.3,70.80 1 1
github.com/n24q02m/skret/internal/cli/import.go:71.19,73.18 2 1
github.com/n24q02m/skret/internal/cli/import.go:73.18,75.4 1 1
github.com/n24q02m/skret/internal/cli/import.go:76.3,76.94 1 1
github.com/n24q02m/skret/internal/cli/import.go:77.10,78.107 1 1
github.com/n24q02m/skret/internal/cli/import.go:83.55,85.16 2 1
github.com/n24q02m/skret/internal/cli/import.go:85.16,87.3 1 0
github.com/n24q02m/skret/internal/cli/import.go:88.2,91.16 3 1
github.com/n24q02m/skret/internal/cli/import.go:91.16,93.3 1 1
github.com/n24q02m/skret/internal/cli/import.go:95.2,97.16 3 1
github.com/n24q02m/skret/internal/cli/import.go:97.16,99.3 1 1
github.com/n24q02m/skret/internal/cli/import.go:102.2,103.53 2 1
github.com/n24q02m/skret/internal/cli/import.go:103.53,105.3 1 0
github.com/n24q02m/skret/internal/cli/import.go:107.2,110.69 4 1
github.com/n24q02m/skret/internal/cli/import.go:110.69,112.17 2 1
github.com/n24q02m/skret/internal/cli/import.go:112.17,113.29 1 1
github.com/n24q02m/skret/internal/cli/import.go:113.29,115.5 1 1
github.com/n24q02m/skret/internal/cli/import.go:116.4,116.21 1 1
github.com/n24q02m/skret/internal/cli/import.go:120.2,120.28 1 1
github.com/n24q02m/skret/internal/cli/import.go:120.28,122.19 2 1
github.com/n24q02m/skret/internal/cli/import.go:122.19,124.4 1 1
github.com/n24q02m/skret/internal/cli/import.go:126.3,126.15 1 1
github.com/n24q02m/skret/internal/cli/import.go:126.15,129.12 3 1
github.com/n24q02m/skret/internal/cli/import.go:132.3,132.55 1 1
github.com/n24q02m/skret/internal/cli/import.go:132.55,134.18 2 1
github.com/n24q02m/skret/internal/cli/import.go:134.18,136.5 1 1
github.com/n24q02m/skret/internal/cli/import.go:136.10,137.46 1 0
github.com/n24q02m/skret/internal/cli/import.go:137.46,139.6 1 0
github.com/n24q02m/skret/internal/cli/import.go:142.4,142.19 1 1
github.com/n24q02m/skret/internal/cli/import.go:142.19,143.31 1 1
github.com/n24q02m/skret/internal/cli/import.go:143.31,145.14 2 1
github.com/n24q02m/skret/internal/cli/import.go:147.5,147.100 1 1
github.com/n24q02m/skret/internal/cli/import.go:150.3,150.73 1 1
github.com/n24q02m/skret/internal/cli/import.go:150.73,152.4 1 0
github.com/n24q02m/skret/internal/cli/import.go:153.3,153.13 1 1
github.com/n24q02m/skret/internal/cli/import.go:156.2,157.12 2 1
github.com/n24q02m/skret/internal/cli/init.go:25.34,31.52 2 1
github.com/n24q02m/skret/internal/cli/init.go:31.52,33.4 1 1
github.com/n24q02m/skret/internal/cli/init.go:36.2,42.12 6 1
github.com/n24q02m/skret/internal/cli/init.go:46.53,48.16 2 1
github.com/n24q02m/skret/internal/cli/init.go:48.16,50.3 1 0
github.com/n24q02m/skret/internal/cli/init.go:52.2,54.14 2 1
github.com/n24q02m/skret/internal/cli/init.go:54.14,55.45 1 1
github.com/n24q02m/skret/internal/cli/init.go:55.45,57.4 1 1
github.com/n24q02m/skret/internal/cli/init.go:60.2,77.22 2 1
github.com/n24q02m/skret/internal/cli/init.go:77.22,83.19 2 1
github.com/n24q02m/skret/internal/cli/init.go:83.19,87.4 3 1
github.com/n24q02m/skret/internal/cli/init.go:90.2,91.16 2 1
github.com/n24q02m/skret/internal/cli/init.go:91.16,93.3 1 0
github.com/n24q02m/skret/internal/cli/init.go:95.2,95.59 1 1
github.com/n24q02m/skret/internal/cli/init.go:95.59,97.3 1 0
github.com/n24q02m/skret/internal/cli/init.go:100.2,101.55 2 1
github.com/n24q02m/skret/internal/cli/init.go:101.55,103.3 1 0
github.com/n24q02m/skret/internal/cli/init.go:105.2,106.12 2 1
github.com/n24q02m/skret/internal/cli/init.go:109.41,116.32 5 1
github.com/n24q02m/skret/internal/cli/init.go:116.32,117.40 1 1
github.com/n24q02m/skret/internal/cli/init.go:117.40,119.4 1 1
github.com/n24q02m/skret/internal/cli/init.go:122.2,122.21 1 1
github.com/n24q02m/skret/internal/cli/init.go:122.21,124.3 1 1
github.com/n24q02m/skret/internal/cli/init.go:126.2,127.16 2 1
github.com/n24q02m/skret/internal/cli/init.go:127.16,129.3 1 0
github.com/n24q02m/skret/internal/cli/init.go:130.2,132.56 2 1
github.com/n24q02m/skret/internal/cli/init.go:132.56,134.3 1 1
github.com/n24q02m/skret/internal/cli/init.go:136.2,137.30 2 1
github.com/n24q02m/skret/internal/cli/init.go:137.30,139.3 1 1
github.com/n24q02m/skret/internal/cli/init.go:140.2,140.12 1 1
github.com/n24q02m/skret/internal/cli/list.go:15.50,26.52 2 1
github.com/n24q02m/skret/internal/cli/list.go:26.52,28.18 2 1
github.com/n24q02m/skret/internal/cli/list.go:28.18,30.5 1 1
github.com/n24q02m/skret/internal/cli/list.go:31.4,34.18 3 1
github.com/n24q02m/skret/internal/cli/list.go:34.18,36.5 1 1
github.com/n24q02m/skret/internal/cli/list.go:39.4,39.59 1 1
github.com/n24q02m/skret/internal/cli/list.go:39.59,41.5 1 1
github.com/n24q02m/skret/internal/cli/list.go:43.4,45.18 3 1
github.com/n24q02m/skret/internal/cli/list.go:45.18,47.5 1 0
github.com/n24q02m/skret/internal/cli/list.go:49.4,51.14 3 1
github.com/n24q02m/skret/internal/cli/list.go:55.2,60.12 5 1
github.com/n24q02m/skret/internal/cli/list.go:63.100,64.33 1 1
github.com/n24q02m/skret/internal/cli/list.go:64.33,66.3 1 1
github.com/n24q02m/skret/internal/cli/list.go:68.2,70.39 3 1
github.com/n24q02m/skret/internal/cli/list.go:70.39,72.3 1 1
github.com/n24q02m/skret/internal/cli/list.go:73.2,73.28 1 1
github.com/n24q02m/skret/internal/cli/list.go:73.28,75.22 2 1
github.com/n24q02m/skret/internal/cli/list.go:75.22,77.4 1 1
github.com/n24q02m/skret/internal/cli/list.go:79.2,79.17 1 1
github.com/n24q02m/skret/internal/cli/list.go:82.95,83.16 1 1
github.com/n24q02m/skret/internal/cli/list.go:84.14,86.29 2 1
github.com/n24q02m/skret/internal/cli/list.go:86.29,88.14 2 1
github.com/n24q02m/skret/internal/cli/list.go:88.14,90.5 1 1
github.com/n24q02m/skret/internal/cli/list.go:91.4,91.31 1 1
github.com/n24q02m/skret/internal/cli/list.go:93.3,94.28 2 1
github.com/n24q02m/skret/internal/cli/list.go:95.10,98.29 3 1
github.com/n24q02m/skret/internal/cli/list.go:98.29,100.4 1 1
github.com/n24q02m/skret/internal/cli/list.go:101.3,101.12 1 1
github.com/n24q02m/skret/internal/cli/rollback.go:13.54,18.55 1 1
github.com/n24q02m/skret/internal/cli/rollback.go:18.55,19.46 1 1
github.com/n24q02m/skret/internal/cli/rollback.go:19.46,21.5 1 1
github.com/n24q02m/skret/internal/cli/rollback.go:23.4,24.18 2 1
github.com/n24q02m/skret/internal/cli/rollback.go:24.18,26.5 1 0
github.com/n24q02m/skret/internal/cli/rollback.go:27.4,34.18 6 1
github.com/n24q02m/skret/internal/cli/rollback.go:34.18,36.5 1 1
github.com/n24q02m/skret/internal/cli/rollback.go:38.4,39.18 2 1
github.com/n24q02m/skret/internal/cli/rollback.go:39.18,41.5 1 1
github.com/n24q02m/skret/internal/cli/rollback.go:43.4,44.14 2 0
github.com/n24q02m/skret/internal/cli/rollback.go:48.2,48.12 1 1
github.com/n24q02m/skret/internal/cli/root.go:22.34,32.56 2 1
github.com/n24q02m/skret/internal/cli/root.go:32.56,34.4 1 1
github.com/n24q02m/skret/internal/cli/root.go:37.2,60.12 21 1
github.com/n24q02m/skret/internal/cli/root.go:64.22,66.2 1 1
github.com/n24q02m/skret/internal/cli/run.go:14.49,19.55 1 1
github.com/n24q02m/skret/internal/cli/run.go:19.55,20.22 1 1
github.com/n24q02m/skret/internal/cli/run.go:20.22,22.5 1 1
github.com/n24q02m/skret/internal/cli/run.go:24.4,25.18 2 1
github.com/n24q02m/skret/internal/cli/run.go:25.18,27.5 1 0
github.com/n24q02m/skret/internal/cli/run.go:28.4,32.18 4 1
github.com/n24q02m/skret/internal/cli/run.go:32.18,34.5 1 0
github.com/n24q02m/skret/internal/cli/run.go:37.4,37.34 1 1
github.com/n24q02m/skret/internal/cli/run.go:37.34,39.31 2 1
github.com/n24q02m/skret/internal/cli/run.go:39.31,42.6 2 1
github.com/n24q02m/skret/internal/cli/run.go:43.5,43.41 1 1
github.com/n24q02m/skret/internal/cli/run.go:43.41,44.46 1 1
github.com/n24q02m/skret/internal/cli/run.go:44.46,46.7 1 1
github.com/n24q02m/skret/internal/cli/run.go:50.4,52.33 2 1
github.com/n24q02m/skret/internal/cli/run.go:56.2,57.12 2 1
github.com/n24q02m/skret/internal/cli/run.go:60.53,62.16 2 1
github.com/n24q02m/skret/internal/cli/run.go:62.16,64.3 1 1
github.com/n24q02m/skret/internal/cli/run.go:65.2,66.16 2 1
github.com/n24q02m/skret/internal/cli/run.go:66.16,68.3 1 0
github.com/n24q02m/skret/internal/cli/run.go:69.2,69.12 1 1
github.com/n24q02m/skret/internal/cli/set.go:23.49,30.55 2 1
github.com/n24q02m/skret/internal/cli/set.go:30.55,32.4 1 1
github.com/n24q02m/skret/internal/cli/set.go:35.2,40.12 5 1
github.com/n24q02m/skret/internal/cli/set.go:43.67,45.16 2 1
github.com/n24q02m/skret/internal/cli/set.go:45.16,47.3 1 0
github.com/n24q02m/skret/internal/cli/set.go:48.2,52.16 4 1
github.com/n24q02m/skret/internal/cli/set.go:52.16,54.3 1 1
github.com/n24q02m/skret/internal/cli/set.go:56.2,59.53 3 1
github.com/n24q02m/skret/internal/cli/set.go:59.53,61.3 1 0
github.com/n24q02m/skret/internal/cli/set.go:63.2,64.12 2 1
github.com/n24q02m/skret/internal/cli/set.go:67.62,68.9 1 1
github.com/n24q02m/skret/internal/cli/set.go:69.22,70.22 1 1
github.com/n24q02m/skret/internal/cli/set.go:71.19,73.21 2 1
github.com/n24q02m/skret/internal/cli/set.go:73.21,75.40 2 1
github.com/n24q02m/skret/internal/cli/set.go:75.40,77.5 1 0
github.com/n24q02m/skret/internal/cli/set.go:78.4,78.21 1 1
github.com/n24q02m/skret/internal/cli/set.go:80.3,80.39 1 1
github.com/n24q02m/skret/internal/cli/set.go:80.39,82.4 1 0
github.com/n24q02m/skret/internal/cli/set.go:83.3,83.17 1 1
github.com/n24q02m/skret/internal/cli/set.go:84.24,86.17 2 1
github.com/n24q02m/skret/internal/cli/set.go:86.17,88.4 1 1
github.com/n24q02m/skret/internal/cli/set.go:89.3,89.52 1 1
github.com/n24q02m/skret/internal/cli/set.go:90.10,91.135 1 1
github.com/n24q02m/skret/internal/cli/set.go:95.52,97.21 2 1
github.com/n24q02m/skret/internal/cli/set.go:97.21,99.30 2 1
github.com/n24q02m/skret/internal/cli/set.go:99.30,101.23 2 1
github.com/n24q02m/skret/internal/cli/set.go:101.23,103.5 1 1
github.com/n24q02m/skret/internal/cli/set.go:106.2,106.13 1 1
github.com/n24q02m/skret/internal/cli/sync.go:14.50,24.52 2 1
github.com/n24q02m/skret/internal/cli/sync.go:24.52,26.18 2 1
github.com/n24q02m/skret/internal/cli/sync.go:26.18,28.5 1 0
github.com/n24q02m/skret/internal/cli/sync.go:29.4,33.18 4 1
github.com/n24q02m/skret/internal/cli/sync.go:33.18,35.5 1 0
github.com/n24q02m/skret/internal/cli/sync.go:37.4,38.18 2 1
github.com/n24q02m/skret/internal/cli/sync.go:38.18,40.5 1 1
github.com/n24q02m/skret/internal/cli/sync.go:42.4,42.30 1 1
github.com/n24q02m/skret/internal/cli/sync.go:42.30,43.48 1 1
github.com/n24q02m/skret/internal/cli/sync.go:43.48,45.6 1 1
github.com/n24q02m/skret/internal/cli/sync.go:46.5,46.68 1 1
github.com/n24q02m/skret/internal/cli/sync.go:49.4,49.14 1 1
github.com/n24q02m/skret/internal/cli/sync.go:53.2,57.12 4 1
github.com/n24q02m/skret/internal/cli/sync.go:61.73,63.12 2 1
github.com/n24q02m/skret/internal/cli/sync.go:64.16,65.17 1 1
github.com/n24q02m/skret/internal/cli/sync.go:65.17,67.4 1 1
github.com/n24q02m/skret/internal/cli/sync.go:68.3,68.52 1 1
github.com/n24q02m/skret/internal/cli/sync.go:69.16,71.18 2 1
github.com/n24q02m/skret/internal/cli/sync.go:71.18,73.4 1 1
github.com/n24q02m/skret/internal/cli/sync.go:74.3,75.27 2 1
github.com/n24q02m/skret/internal/cli/sync.go:75.27,77.15 2 1
github.com/n24q02m/skret/internal/cli/sync.go:77.15,78.13 1 1
github.com/n24q02m/skret/internal/cli/sync.go:80.4,81.23 2 1
github.com/n24q02m/skret/internal/cli/sync.go:81.23,83.5 1 1
github.com/n24q02m/skret/internal/cli/sync.go:84.4,84.78 1 1
github.com/n24q02m/skret/internal/cli/sync.go:86.3,86.24 1 1
github.com/n24q02m/skret/internal/cli/sync.go:86.24,88.4 1 1
github.com/n24q02m/skret/internal/cli/sync.go:89.10,90.101 1 1
github.com/n24q02m/skret/internal/cli/sync.go:92.2,92.21 1 1
