mode: set
github.com/n24q02m/skret/internal/cli/delete.go:14.52,24.55 2 1
github.com/n24q02m/skret/internal/cli/delete.go:24.55,26.18 2 1
github.com/n24q02m/skret/internal/cli/delete.go:26.18,28.5 1 0
github.com/n24q02m/skret/internal/cli/delete.go:29.4,33.26 3 1
github.com/n24q02m/skret/internal/cli/delete.go:33.26,37.76 4 1
github.com/n24q02m/skret/internal/cli/delete.go:37.76,40.6 2 1
github.com/n24q02m/skret/internal/cli/delete.go:43.4,44.45 2 1
github.com/n24q02m/skret/internal/cli/delete.go:44.45,46.5 1 1
github.com/n24q02m/skret/internal/cli/delete.go:48.4,49.14 2 1
github.com/n24q02m/skret/internal/cli/delete.go:53.2,56.12 3 1
github.com/n24q02m/skret/internal/cli/env.go:19.49,25.52 2 1
github.com/n24q02m/skret/internal/cli/env.go:25.52,27.18 2 1
github.com/n24q02m/skret/internal/cli/env.go:27.18,29.5 1 1
github.com/n24q02m/skret/internal/cli/env.go:30.4,30.44 1 1
github.com/n24q02m/skret/internal/cli/env.go:34.2,36.12 2 1
github.com/n24q02m/skret/internal/cli/env.go:39.55,41.16 2 1
github.com/n24q02m/skret/internal/cli/env.go:41.16,43.3 1 1
github.com/n24q02m/skret/internal/cli/env.go:44.2,48.16 4 1
github.com/n24q02m/skret/internal/cli/env.go:48.16,50.3 1 0
github.com/n24q02m/skret/internal/cli/env.go:52.2,54.37 3 1
github.com/n24q02m/skret/internal/cli/env.go:54.37,56.3 1 1
github.com/n24q02m/skret/internal/cli/env.go:57.2,57.28 1 1
github.com/n24q02m/skret/internal/cli/env.go:57.28,59.23 2 1
github.com/n24q02m/skret/internal/cli/env.go:59.23,60.12 1 1
github.com/n24q02m/skret/internal/cli/env.go:62.3,62.61 1 1
github.com/n24q02m/skret/internal/cli/env.go:64.2,64.40 1 1
github.com/n24q02m/skret/internal/cli/env.go:64.40,64.80 1 1
github.com/n24q02m/skret/internal/cli/env.go:66.2,66.19 1 1
github.com/n24q02m/skret/internal/cli/env.go:69.78,70.16 1 1
github.com/n24q02m/skret/internal/cli/env.go:71.14,73.27 2 1
github.com/n24q02m/skret/internal/cli/env.go:73.27,75.4 1 1
github.com/n24q02m/skret/internal/cli/env.go:76.3,77.17 2 1
github.com/n24q02m/skret/internal/cli/env.go:77.17,79.4 1 0
github.com/n24q02m/skret/internal/cli/env.go:80.3,80.28 1 1
github.com/n24q02m/skret/internal/cli/env.go:82.14,84.27 2 1
github.com/n24q02m/skret/internal/cli/env.go:84.27,86.4 1 1
github.com/n24q02m/skret/internal/cli/env.go:87.3,88.17 2 1
github.com/n24q02m/skret/internal/cli/env.go:88.17,90.4 1 0
github.com/n24q02m/skret/internal/cli/env.go:91.3,91.26 1 1
github.com/n24q02m/skret/internal/cli/env.go:93.16,94.27 1 1
github.com/n24q02m/skret/internal/cli/env.go:94.27,96.4 1 1
github.com/n24q02m/skret/internal/cli/env.go:98.10,99.27 1 1
github.com/n24q02m/skret/internal/cli/env.go:99.27,101.4 1 1
github.com/n24q02m/skret/internal/cli/env.go:103.2,103.12 1 1
github.com/n24q02m/skret/internal/cli/env.go:106.38,108.2 1 1
github.com/n24q02m/skret/internal/cli/get.go:12.49,23.55 2 1
github.com/n24q02m/skret/internal/cli/get.go:23.55,25.18 2 1
github.com/n24q02m/skret/internal/cli/get.go:25.18,27.5 1 0
github.com/n24q02m/skret/internal/cli/get.go:28.4,32.18 4 1
github.com/n24q02m/skret/internal/cli/get.go:32.18,34.5 1 1
github.com/n24q02m/skret/internal/cli/get.go:36.4,36.11 1 1
github.com/n24q02m/skret/internal/cli/get.go:37.36,42.21 2 1
github.com/n24q02m/skret/internal/cli/get.go:42.21,45.6 2 1
github.com/n24q02m/skret/internal/cli/get.go:46.5,47.19 2 1
github.com/n24q02m/skret/internal/cli/get.go:47.19,49.6 1 0
github.com/n24q02m/skret/internal/cli/get.go:50.5,50.30 1 1
github.com/n24q02m/skret/internal/cli/get.go:51.15,52.28 1 1
github.com/n24q02m/skret/internal/cli/get.go:53.12,54.30 1 1
github.com/n24q02m/skret/internal/cli/get.go:56.4,56.14 1 1
github.com/n24q02m/skret/internal/cli/get.go:60.2,64.12 4 1
github.com/n24q02m/skret/internal/cli/helpers.go:16.43,21.2 4 1
github.com/n24q02m/skret/internal/cli/helpers.go:24.94,26.16 2 1
github.com/n24q02m/skret/internal/cli/helpers.go:26.16,28.3 1 0
github.com/n24q02m/skret/internal/cli/helpers.go:30.2,31.16 2 1
github.com/n24q02m/skret/internal/cli/helpers.go:31.16,33.3 1 1
github.com/n24q02m/skret/internal/cli/helpers.go:35.2,36.16 2 1
github.com/n24q02m/skret/internal/cli/helpers.go:36.16,38.3 1 1
github.com/n24q02m/skret/internal/cli/helpers.go:40.2,49.16 3 1
github.com/n24q02m/skret/internal/cli/helpers.go:49.16,51.3 1 0
github.com/n24q02m/skret/internal/cli/helpers.go:53.2,55.16 3 1
github.com/n24q02m/skret/internal/cli/helpers.go:55.16,57.3 1 0
github.com/n24q02m/skret/internal/cli/helpers.go:59.2,59.25 1 1
github.com/n24q02m/skret/internal/cli/history.go:15.53,22.55 2 1
github.com/n24q02m/skret/internal/cli/history.go:22.55,23.46 1 1
github.com/n24q02m/skret/internal/cli/history.go:23.46,25.5 1 1
github.com/n24q02m/skret/internal/cli/history.go:27.4,28.18 2 1
github.com/n24q02m/skret/internal/cli/history.go:28.18,30.5 1 0
github.com/n24q02m/skret/internal/cli/history.go:31.4,37.18 5 1
github.com/n24q02m/skret/internal/cli/history.go:37.18,39.5 1 1
github.com/n24q02m/skret/internal/cli/history.go:41.4,41.52 1 0
github.com/n24q02m/skret/internal/cli/history.go:45.2,47.12 2 1
github.com/n24q02m/skret/internal/cli/history.go:51.100,52.23 1 1
github.com/n24q02m/skret/internal/cli/history.go:52.23,55.3 2 1
github.com/n24q02m/skret/internal/cli/history.go:57.2,60.28 3 1
github.com/n24q02m/skret/internal/cli/history.go:60.28,62.15 2 1
github.com/n24q02m/skret/internal/cli/history.go:62.15,63.20 1 1
github.com/n24q02m/skret/internal/cli/history.go:63.20,65.5 1 1
github.com/n24q02m/skret/internal/cli/history.go:65.10,67.5 1 1
github.com/n24q02m/skret/internal/cli/history.go:70.3,71.32 2 1
github.com/n24q02m/skret/internal/cli/history.go:71.32,73.4 1 1
github.com/n24q02m/skret/internal/cli/history.go:75.3,76.19 2 1
github.com/n24q02m/skret/internal/cli/history.go:76.19,78.4 1 1
github.com/n24q02m/skret/internal/cli/history.go:80.3,80.72 1 1
github.com/n24q02m/skret/internal/cli/history.go:82.2,82.18 1 1
github.com/n24q02m/skret/internal/cli/import.go:31.52,37.52 2 1
github.com/n24q02m/skret/internal/cli/import.go:37.52,39.4 1 1
github.com/n24q02m/skret/internal/cli/import.go:42.2,53.12 11 1
github.com/n24q02m/skret/internal/cli/import.go:57.69,58.16 1 1
github.com/n24q02m/skret/internal/cli/import.go:59.16,61.17 2 1
github.com/n24q02m/skret/internal/cli/import.go:61.17,63.4 1 1
github.com/n24q02m/skret/internal/cli/import.go:64.3,64.39 1 1
github.com/n24q02m/skret/internal/cli/import.go:65.17,67.18 2 1
github.com/n24q02m/skret/internal/cli/import.go:67.18,69.4 1 1
github.com/n24q02m/skret/internal/cli/import.go:70.3,70.80 1 1
github.com/n24q02m/skret/internal/cli/import.go:71.19,73.18 2 1
github.com/n24q02m/skret/internal/cli/import.go:73.18,75.4 1 1
github.com/n24q02m/skret/internal/cli/import.go:76.3,76.94 1 1
github.com/n24q02m/skret/internal/cli/import.go:77.10,78.107 1 1
github.com/n24q02m/skret/internal/cli/import.go:83.55,85.16 2 1
github.com/n24q02m/skret/internal/cli/import.go:85.16,87.3 1 0
github.com/n24q02m/skret/internal/cli/import.go:88.2,91.16 3 1
github.com/n24q02m/skret/internal/cli/import.go:91.16,93.3 1 1
github.com/n24q02m/skret/internal/cli/import.go:95.2,97.16 3 1
github.com/n24q02m/skret/internal/cli/import.go:97.16,99.3 1 1
github.com/n24q02m/skret/internal/cli/import.go:102.2,103.53 2 1
github.com/n24q02m/skret/internal/cli/import.go:103.53,105.3 1 0
github.com/n24q02m/skret/internal/cli/import.go:107.2,110.69 4 1
github.com/n24q02m/skret/internal/cli/import.go:110.69,112.17 2 1
github.com/n24q02m/skret/internal/cli/import.go:112.17,113.29 1 1
github.com/n24q02m/skret/internal/cli/import.go:113.29,115.5 1 1
github.com/n24q02m/skret/internal/cli/import.go:116.4,116.21 1 1
github.com/n24q02m/skret/internal/cli/import.go:120.2,120.28 1 1
github.com/n24q02m/skret/internal/cli/import.go:120.28,122.19 2 1
github.com/n24q02m/skret/internal/cli/import.go:122.19,124.4 1 1
github.com/n24q02m/skret/internal/cli/import.go:126.3,126.15 1 1
github.com/n24q02m/skret/internal/cli/import.go:126.15,129.12 3 1
github.com/n24q02m/skret/internal/cli/import.go:132.3,132.55 1 1
github.com/n24q02m/skret/internal/cli/import.go:132.55,134.18 2 1
github.com/n24q02m/skret/internal/cli/import.go:134.18,136.5 1 1
github.com/n24q02m/skret/internal/cli/import.go:136.10,137.46 1 0
github.com/n24q02m/skret/internal/cli/import.go:137.46,139.6 1 0
github.com/n24q02m/skret/internal/cli/import.go:142.4,142.19 1 1
github.com/n24q02m/skret/internal/cli/import.go:142.19,143.31 1 1
github.com/n24q02m/skret/internal/cli/import.go:143.31,145.14 2 1
github.com/n24q02m/skret/internal/cli/import.go:147.5,147.100 1 1
github.com/n24q02m/skret/internal/cli/import.go:150.3,150.73 1 1
github.com/n24q02m/skret/internal/cli/import.go:150.73,152.4 1 0
github.com/n24q02m/skret/internal/cli/import.go:153.3,153.13 1 1
github.com/n24q02m/skret/internal/cli/import.go:156.2,157.12 2 1
github.com/n24q02m/skret/internal/cli/init.go:25.34,31.52 2 1
github.com/n24q02m/skret/internal/cli/init.go:31.52,33.4 1 1
github.com/n24q02m/skret/internal/cli/init.go:36.2,42.12 6 1
github.com/n24q02m/skret/internal/cli/init.go:46.53,48.16 2 1
github.com/n24q02m/skret/internal/cli/init.go:48.16,50.3 1 0
github.com/n24q02m/skret/internal/cli/init.go:52.2,54.14 2 1
github.com/n24q02m/skret/internal/cli/init.go:54.14,55.45 1 1
github.com/n24q02m/skret/internal/cli/init.go:55.45,57.4 1 1
github.com/n24q02m/skret/internal/cli/init.go:60.2,77.22 2 1
github.com/n24q02m/skret/internal/cli/init.go:77.22,83.19 2 1
github.com/n24q02m/skret/internal/cli/init.go:83.19,87.4 3 1
github.com/n24q02m/skret/internal/cli/init.go:90.2,91.16 2 1
github.com/n24q02m/skret/internal/cli/init.go:91.16,93.3 1 0
github.com/n24q02m/skret/internal/cli/init.go:95.2,95.59 1 1
github.com/n24q02m/skret/internal/cli/init.go:95.59,97.3 1 0
github.com/n24q02m/skret/internal/cli/init.go:100.2,101.55 2 1
github.com/n24q02m/skret/internal/cli/init.go:101.55,103.3 1 0
github.com/n24q02m/skret/internal/cli/init.go:105.2,106.12 2 1
github.com/n24q02m/skret/internal/cli/init.go:109.41,116.32 5 1
github.com/n24q02m/skret/internal/cli/init.go:116.32,117.40 1 1
github.com/n24q02m/skret/internal/cli/init.go:117.40,119.4 1 1
github.com/n24q02m/skret/internal/cli/init.go:122.2,122.21 1 1
github.com/n24q02m/skret/internal/cli/init.go:122.21,124.3 1 1
github.com/n24q02m/skret/internal/cli/init.go:126.2,127.16 2 1
github.com/n24q02m/skret/internal/cli/init.go:127.16,129.3 1 0
github.com/n24q02m/skret/internal/cli/init.go:130.2,132.56 2 1
github.com/n24q02m/skret/internal/cli/init.go:132.56,134.3 1 1
github.com/n24q02m/skret/internal/cli/init.go:136.2,137.30 2 1
github.com/n24q02m/skret/internal/cli/init.go:137.30,139.3 1 1
github.com/n24q02m/skret/internal/cli/init.go:140.2,140.12 1 1
github.com/n24q02m/skret/internal/cli/list.go:15.50,26.52 2 1
github.com/n24q02m/skret/internal/cli/list.go:26.52,28.18 2 1
github.com/n24q02m/skret/internal/cli/list.go:28.18,30.5 1 1
github.com/n24q02m/skret/internal/cli/list.go:31.4,34.18 3 1
github.com/n24q02m/skret/internal/cli/list.go:34.18,36.5 1 1
github.com/n24q02m/skret/internal/cli/list.go:39.4,39.59 1 1
github.com/n24q02m/skret/internal/cli/list.go:39.59,41.5 1 1
github.com/n24q02m/skret/internal/cli/list.go:43.4,45.18 3 1
github.com/n24q02m/skret/internal/cli/list.go:45.18,47.5 1 0
github.com/n24q02m/skret/internal/cli/list.go:49.4,51.14 3 1
github.com/n24q02m/skret/internal/cli/list.go:55.2,60.12 5 1
github.com/n24q02m/skret/internal/cli/list.go:63.100,64.33 1 1
github.com/n24q02m/skret/internal/cli/list.go:64.33,66.3 1 1
github.com/n24q02m/skret/internal/cli/list.go:68.2,70.39 3 1
github.com/n24q02m/skret/internal/cli/list.go:70.39,72.3 1 1
github.com/n24q02m/skret/internal/cli/list.go:73.2,73.28 1 1
github.com/n24q02m/skret/internal/cli/list.go:73.28,75.22 2 1
github.com/n24q02m/skret/internal/cli/list.go:75.22,77.4 1 1
github.com/n24q02m/skret/internal/cli/list.go:79.2,79.17 1 1
github.com/n24q02m/skret/internal/cli/list.go:82.95,83.16 1 1
github.com/n24q02m/skret/internal/cli/list.go:84.14,86.29 2 1
github.com/n24q02m/skret/internal/cli/list.go:86.29,88.14 2 1
github.com/n24q02m/skret/internal/cli/list.go:88.14,90.5 1 1
github.com/n24q02m/skret/internal/cli/list.go:91.4,91.31 1 1
github.com/n24q02m/skret/internal/cli/list.go:93.3,94.28 2 1
github.com/n24q02m/skret/internal/cli/list.go:95.10,98.29 3 1
github.com/n24q02m/skret/internal/cli/list.go:98.29,100.4 1 1
github.com/n24q02m/skret/internal/cli/list.go:101.3,101.12 1 1
github.com/n24q02m/skret/internal/cli/rollback.go:13.54,18.55 1 1
github.com/n24q02m/skret/internal/cli/rollback.go:18.55,19.46 1 1
github.com/n24q02m/skret/internal/cli/rollback.go:19.46,21.5 1 1
github.com/n24q02m/skret/internal/cli/rollback.go:23.4,24.18 2 1
github.com/n24q02m/skret/internal/cli/rollback.go:24.18,26.5 1 0
github.com/n24q02m/skret/internal/cli/rollback.go:27.4,34.18 6 1
github.com/n24q02m/skret/internal/cli/rollback.go:34.18,36.5 1 1
github.com/n24q02m/skret/internal/cli/rollback.go:38.4,39.18 2 1
github.com/n24q02m/skret/internal/cli/rollback.go:39.18,41.5 1 1
github.com/n24q02m/skret/internal/cli/rollback.go:43.4,44.14 2 0
github.com/n24q02m/skret/internal/cli/rollback.go:48.2,48.12 1 1
github.com/n24q02m/skret/internal/cli/root.go:22.34,32.56 2 1
github.com/n24q02m/skret/internal/cli/root.go:32.56,34.4 1 1
github.com/n24q02m/skret/internal/cli/root.go:37.2,59.12 20 1
github.com/n24q02m/skret/internal/cli/root.go:63.22,65.2 1 1
github.com/n24q02m/skret/internal/cli/run.go:14.49,19.55 1 1
github.com/n24q02m/skret/internal/cli/run.go:19.55,20.22 1 1
github.com/n24q02m/skret/internal/cli/run.go:20.22,22.5 1 1
github.com/n24q02m/skret/internal/cli/run.go:24.4,25.18 2 1
github.com/n24q02m/skret/internal/cli/run.go:25.18,27.5 1 0
github.com/n24q02m/skret/internal/cli/run.go:28.4,32.18 4 1
github.com/n24q02m/skret/internal/cli/run.go:32.18,34.5 1 0
github.com/n24q02m/skret/internal/cli/run.go:37.4,37.34 1 1
github.com/n24q02m/skret/internal/cli/run.go:37.34,39.31 2 1
github.com/n24q02m/skret/internal/cli/run.go:39.31,42.6 2 1
github.com/n24q02m/skret/internal/cli/run.go:43.5,43.41 1 1
github.com/n24q02m/skret/internal/cli/run.go:43.41,44.46 1 1
github.com/n24q02m/skret/internal/cli/run.go:44.46,46.7 1 1
github.com/n24q02m/skret/internal/cli/run.go:50.4,52.33 2 1
github.com/n24q02m/skret/internal/cli/run.go:56.2,57.12 2 1
github.com/n24q02m/skret/internal/cli/run.go:60.53,62.16 2 1
github.com/n24q02m/skret/internal/cli/run.go:62.16,64.3 1 1
github.com/n24q02m/skret/internal/cli/run.go:65.2,66.16 2 1
github.com/n24q02m/skret/internal/cli/run.go:66.16,68.3 1 0
github.com/n24q02m/skret/internal/cli/run.go:69.2,69.12 1 1
github.com/n24q02m/skret/internal/cli/set.go:23.49,30.55 2 1
github.com/n24q02m/skret/internal/cli/set.go:30.55,32.4 1 1
github.com/n24q02m/skret/internal/cli/set.go:35.2,40.12 5 1
github.com/n24q02m/skret/internal/cli/set.go:43.67,45.16 2 1
github.com/n24q02m/skret/internal/cli/set.go:45.16,47.3 1 0
github.com/n24q02m/skret/internal/cli/set.go:48.2,52.16 4 1
github.com/n24q02m/skret/internal/cli/set.go:52.16,54.3 1 1
github.com/n24q02m/skret/internal/cli/set.go:56.2,59.53 3 1
github.com/n24q02m/skret/internal/cli/set.go:59.53,61.3 1 0
github.com/n24q02m/skret/internal/cli/set.go:63.2,64.12 2 1
github.com/n24q02m/skret/internal/cli/set.go:67.62,68.9 1 1
github.com/n24q02m/skret/internal/cli/set.go:69.22,70.22 1 1
github.com/n24q02m/skret/internal/cli/set.go:71.19,73.21 2 1
github.com/n24q02m/skret/internal/cli/set.go:73.21,75.40 2 1
github.com/n24q02m/skret/internal/cli/set.go:75.40,77.5 1 0
github.com/n24q02m/skret/internal/cli/set.go:78.4,78.21 1 1
github.com/n24q02m/skret/internal/cli/set.go:80.3,80.39 1 1
github.com/n24q02m/skret/internal/cli/set.go:80.39,82.4 1 0
github.com/n24q02m/skret/internal/cli/set.go:83.3,83.17 1 1
github.com/n24q02m/skret/internal/cli/set.go:84.24,86.17 2 1
github.com/n24q02m/skret/internal/cli/set.go:86.17,88.4 1 1
github.com/n24q02m/skret/internal/cli/set.go:89.3,89.52 1 1
github.com/n24q02m/skret/internal/cli/set.go:90.10,91.135 1 1
github.com/n24q02m/skret/internal/cli/set.go:95.52,97.21 2 1
github.com/n24q02m/skret/internal/cli/set.go:97.21,99.30 2 1
github.com/n24q02m/skret/internal/cli/set.go:99.30,101.23 2 1
github.com/n24q02m/skret/internal/cli/set.go:101.23,103.5 1 1
github.com/n24q02m/skret/internal/cli/set.go:106.2,106.13 1 1
github.com/n24q02m/skret/internal/cli/sync.go:14.50,24.52 2 1
github.com/n24q02m/skret/internal/cli/sync.go:24.52,26.18 2 1
github.com/n24q02m/skret/internal/cli/sync.go:26.18,28.5 1 0
github.com/n24q02m/skret/internal/cli/sync.go:29.4,33.18 4 1
github.com/n24q02m/skret/internal/cli/sync.go:33.18,35.5 1 0
github.com/n24q02m/skret/internal/cli/sync.go:37.4,38.18 2 1
github.com/n24q02m/skret/internal/cli/sync.go:38.18,40.5 1 1
github.com/n24q02m/skret/internal/cli/sync.go:42.4,42.30 1 1
github.com/n24q02m/skret/internal/cli/sync.go:42.30,43.48 1 1
github.com/n24q02m/skret/internal/cli/sync.go:43.48,45.6 1 1
github.com/n24q02m/skret/internal/cli/sync.go:46.5,46.68 1 1
github.com/n24q02m/skret/internal/cli/sync.go:49.4,49.14 1 1
github.com/n24q02m/skret/internal/cli/sync.go:53.2,57.12 4 1
github.com/n24q02m/skret/internal/cli/sync.go:61.73,63.12 2 1
github.com/n24q02m/skret/internal/cli/sync.go:64.16,65.17 1 1
github.com/n24q02m/skret/internal/cli/sync.go:65.17,67.4 1 1
github.com/n24q02m/skret/internal/cli/sync.go:68.3,68.52 1 1
github.com/n24q02m/skret/internal/cli/sync.go:69.16,71.18 2 1
github.com/n24q02m/skret/internal/cli/sync.go:71.18,73.4 1 1
github.com/n24q02m/skret/internal/cli/sync.go:74.3,75.27 2 1
github.com/n24q02m/skret/internal/cli/sync.go:75.27,77.15 2 1
github.com/n24q02m/skret/internal/cli/sync.go:77.15,78.13 1 1
github.com/n24q02m/skret/internal/cli/sync.go:80.4,81.23 2 1
github.com/n24q02m/skret/internal/cli/sync.go:81.23,83.5 1 1
github.com/n24q02m/skret/internal/cli/sync.go:84.4,84.78 1 1
github.com/n24q02m/skret/internal/cli/sync.go:86.3,86.24 1 1
github.com/n24q02m/skret/internal/cli/sync.go:86.24,88.4 1 1
github.com/n24q02m/skret/internal/cli/sync.go:89.10,90.101 1 1
github.com/n24q02m/skret/internal/cli/sync.go:92.2,92.21 1 1
