mode: set
github.com/n24q02m/skret/internal/importer/doppler.go:22.66,23.19 1 1
github.com/n24q02m/skret/internal/importer/doppler.go:23.19,25.3 1 1
github.com/n24q02m/skret/internal/importer/doppler.go:26.2,26.91 1 1
github.com/n24q02m/skret/internal/importer/doppler.go:29.41,29.61 1 1
github.com/n24q02m/skret/internal/importer/doppler.go:31.81,35.16 3 1
github.com/n24q02m/skret/internal/importer/doppler.go:35.16,37.3 1 0
github.com/n24q02m/skret/internal/importer/doppler.go:38.2,44.16 5 1
github.com/n24q02m/skret/internal/importer/doppler.go:44.16,46.3 1 0
github.com/n24q02m/skret/internal/importer/doppler.go:47.2,49.38 2 1
github.com/n24q02m/skret/internal/importer/doppler.go:49.38,51.21 2 1
github.com/n24q02m/skret/internal/importer/doppler.go:51.21,53.4 1 0
github.com/n24q02m/skret/internal/importer/doppler.go:54.3,54.88 1 1
github.com/n24q02m/skret/internal/importer/doppler.go:57.2,58.67 2 1
github.com/n24q02m/skret/internal/importer/doppler.go:58.67,60.3 1 1
github.com/n24q02m/skret/internal/importer/doppler.go:62.2,63.31 2 1
github.com/n24q02m/skret/internal/importer/doppler.go:63.31,65.3 1 1
github.com/n24q02m/skret/internal/importer/doppler.go:66.2,66.42 1 1
github.com/n24q02m/skret/internal/importer/doppler.go:66.42,66.84 1 1
github.com/n24q02m/skret/internal/importer/doppler.go:67.2,67.21 1 1
github.com/n24q02m/skret/internal/importer/dotenv.go:17.42,19.2 1 1
github.com/n24q02m/skret/internal/importer/dotenv.go:21.40,21.59 1 1
github.com/n24q02m/skret/internal/importer/dotenv.go:23.78,25.16 2 1
github.com/n24q02m/skret/internal/importer/dotenv.go:25.16,27.3 1 1
github.com/n24q02m/skret/internal/importer/dotenv.go:28.2,32.21 4 1
github.com/n24q02m/skret/internal/importer/dotenv.go:32.21,34.49 2 1
github.com/n24q02m/skret/internal/importer/dotenv.go:34.49,35.12 1 1
github.com/n24q02m/skret/internal/importer/dotenv.go:37.3,40.13 3 1
github.com/n24q02m/skret/internal/importer/dotenv.go:40.13,41.12 1 1
github.com/n24q02m/skret/internal/importer/dotenv.go:43.3,47.68 4 1
github.com/n24q02m/skret/internal/importer/dotenv.go:49.2,49.38 1 1
github.com/n24q02m/skret/internal/importer/dotenv.go:49.38,51.3 1 0
github.com/n24q02m/skret/internal/importer/dotenv.go:52.2,52.21 1 1
github.com/n24q02m/skret/internal/importer/dotenv.go:55.31,56.17 1 1
github.com/n24q02m/skret/internal/importer/dotenv.go:56.17,57.83 1 1
github.com/n24q02m/skret/internal/importer/dotenv.go:57.83,59.4 1 1
github.com/n24q02m/skret/internal/importer/dotenv.go:61.2,61.10 1 1
github.com/n24q02m/skret/internal/importer/infisical.go:22.67,23.19 1 1
github.com/n24q02m/skret/internal/importer/infisical.go:23.19,25.3 1 1
github.com/n24q02m/skret/internal/importer/infisical.go:26.2,26.91 1 1
github.com/n24q02m/skret/internal/importer/infisical.go:29.43,29.65 1 1
github.com/n24q02m/skret/internal/importer/infisical.go:31.83,35.16 3 1
github.com/n24q02m/skret/internal/importer/infisical.go:35.16,37.3 1 0
github.com/n24q02m/skret/internal/importer/infisical.go:38.2,44.16 5 1
github.com/n24q02m/skret/internal/importer/infisical.go:44.16,46.3 1 0
github.com/n24q02m/skret/internal/importer/infisical.go:47.2,49.38 2 1
github.com/n24q02m/skret/internal/importer/infisical.go:49.38,52.3 2 1
github.com/n24q02m/skret/internal/importer/infisical.go:54.2,60.67 2 1
github.com/n24q02m/skret/internal/importer/infisical.go:60.67,62.3 1 1
github.com/n24q02m/skret/internal/importer/infisical.go:64.2,65.35 2 1
github.com/n24q02m/skret/internal/importer/infisical.go:65.35,67.3 1 1
github.com/n24q02m/skret/internal/importer/infisical.go:68.2,68.42 1 1
github.com/n24q02m/skret/internal/importer/infisical.go:68.42,68.84 1 1
github.com/n24q02m/skret/internal/importer/infisical.go:69.2,69.21 1 1
