mode: set
github.com/n24q02m/skret/internal/auth/auth.go:28.39,29.26 1 1
github.com/n24q02m/skret/internal/auth/auth.go:29.26,31.3 1 1
github.com/n24q02m/skret/internal/auth/auth.go:32.2,32.38 1 1
github.com/n24q02m/skret/internal/auth/auth.go:55.40,57.2 1 1
github.com/n24q02m/skret/internal/auth/auth.go:61.77,64.16 3 1
github.com/n24q02m/skret/internal/auth/auth.go:64.16,66.3 1 1
github.com/n24q02m/skret/internal/auth/auth.go:67.2,67.22 1 1
github.com/n24q02m/skret/internal/auth/auth.go:67.22,69.3 1 0
github.com/n24q02m/skret/internal/auth/auth.go:70.2,70.18 1 1
github.com/n24q02m/skret/internal/auth/auth.go:74.84,76.9 2 1
github.com/n24q02m/skret/internal/auth/auth.go:76.9,78.3 1 1
github.com/n24q02m/skret/internal/auth/auth.go:80.2,81.17 2 1
github.com/n24q02m/skret/internal/auth/auth.go:81.17,83.3 1 1
github.com/n24q02m/skret/internal/auth/auth.go:84.2,84.43 1 1
github.com/n24q02m/skret/internal/auth/auth.go:84.43,86.3 1 1
github.com/n24q02m/skret/internal/auth/auth.go:88.2,89.16 2 1
github.com/n24q02m/skret/internal/auth/auth.go:89.16,91.3 1 0
github.com/n24q02m/skret/internal/auth/auth.go:92.2,95.25 3 1
github.com/n24q02m/skret/internal/auth/autoauth.go:12.34,13.16 1 1
github.com/n24q02m/skret/internal/auth/autoauth.go:13.16,15.3 1 1
github.com/n24q02m/skret/internal/auth/autoauth.go:16.2,26.4 2 1
github.com/n24q02m/skret/internal/auth/autoauth.go:26.4,27.70 1 1
github.com/n24q02m/skret/internal/auth/autoauth.go:27.70,29.4 1 1
github.com/n24q02m/skret/internal/auth/autoauth.go:31.2,31.14 1 1
github.com/n24q02m/skret/internal/auth/autoauth.go:36.80,38.23 2 1
github.com/n24q02m/skret/internal/auth/autoauth.go:38.23,40.3 1 1
github.com/n24q02m/skret/internal/auth/autoauth.go:42.2,43.20 2 1
github.com/n24q02m/skret/internal/auth/autoauth.go:43.20,45.3 1 1
github.com/n24q02m/skret/internal/auth/autoauth.go:47.2,48.49 2 0
github.com/n24q02m/skret/internal/auth/autoauth.go:48.49,50.3 1 0
github.com/n24q02m/skret/internal/auth/autoauth.go:52.2,52.60 1 0
github.com/n24q02m/skret/internal/auth/autoauth.go:52.60,54.3 1 0
github.com/n24q02m/skret/internal/auth/autoauth.go:55.2,55.13 1 0
github.com/n24q02m/skret/internal/auth/prompt.go:16.42,18.2 1 1
github.com/n24q02m/skret/internal/auth/prompt.go:22.32,24.16 2 0
github.com/n24q02m/skret/internal/auth/prompt.go:24.16,26.3 1 0
github.com/n24q02m/skret/internal/auth/prompt.go:28.2,28.41 1 0
github.com/n24q02m/skret/internal/auth/prompt.go:33.60,36.30 3 1
github.com/n24q02m/skret/internal/auth/prompt.go:36.30,38.3 1 0
github.com/n24q02m/skret/internal/auth/prompt.go:39.2,40.48 2 1
github.com/n24q02m/skret/internal/auth/prompt.go:44.79,46.28 2 1
github.com/n24q02m/skret/internal/auth/prompt.go:46.28,48.17 2 1
github.com/n24q02m/skret/internal/auth/prompt.go:48.17,50.4 1 1
github.com/n24q02m/skret/internal/auth/prompt.go:51.3,51.43 1 1
github.com/n24q02m/skret/internal/auth/prompt.go:53.2,55.16 3 1
github.com/n24q02m/skret/internal/auth/prompt.go:55.16,57.3 1 0
github.com/n24q02m/skret/internal/auth/prompt.go:58.2,59.49 2 1
github.com/n24q02m/skret/internal/auth/prompt.go:59.49,61.3 1 1
github.com/n24q02m/skret/internal/auth/prompt.go:62.2,62.28 1 1
github.com/n24q02m/skret/internal/auth/prompt.go:66.57,68.22 2 0
github.com/n24q02m/skret/internal/auth/prompt.go:69.16,70.46 1 0
github.com/n24q02m/skret/internal/auth/prompt.go:71.17,72.81 1 0
github.com/n24q02m/skret/internal/auth/prompt.go:73.10,74.50 1 0
github.com/n24q02m/skret/internal/auth/prompt.go:76.2,76.20 1 0
github.com/n24q02m/skret/internal/auth/store.go:17.24,19.16 2 1
github.com/n24q02m/skret/internal/auth/store.go:19.16,21.3 1 0
github.com/n24q02m/skret/internal/auth/store.go:22.2,22.72 1 1
github.com/n24q02m/skret/internal/auth/store.go:26.43,28.2 1 1
github.com/n24q02m/skret/internal/auth/store.go:35.44,37.16 2 1
github.com/n24q02m/skret/internal/auth/store.go:37.16,38.25 1 1
github.com/n24q02m/skret/internal/auth/store.go:38.25,40.4 1 1
github.com/n24q02m/skret/internal/auth/store.go:41.3,41.65 1 0
github.com/n24q02m/skret/internal/auth/store.go:43.2,44.48 2 1
github.com/n24q02m/skret/internal/auth/store.go:44.48,46.3 1 1
github.com/n24q02m/skret/internal/auth/store.go:47.2,47.24 1 1
github.com/n24q02m/skret/internal/auth/store.go:47.24,49.3 1 0
github.com/n24q02m/skret/internal/auth/store.go:50.2,50.21 1 1
github.com/n24q02m/skret/internal/auth/store.go:50.21,52.3 1 0
github.com/n24q02m/skret/internal/auth/store.go:53.2,53.16 1 1
github.com/n24q02m/skret/internal/auth/store.go:56.43,57.65 1 1
github.com/n24q02m/skret/internal/auth/store.go:57.65,59.3 1 0
github.com/n24q02m/skret/internal/auth/store.go:60.2,61.16 2 1
github.com/n24q02m/skret/internal/auth/store.go:61.16,63.3 1 0
github.com/n24q02m/skret/internal/auth/store.go:64.2,65.16 2 1
github.com/n24q02m/skret/internal/auth/store.go:65.16,67.3 1 0
github.com/n24q02m/skret/internal/auth/store.go:68.2,69.42 2 1
github.com/n24q02m/skret/internal/auth/store.go:69.42,73.3 3 0
github.com/n24q02m/skret/internal/auth/store.go:74.2,74.41 1 1
github.com/n24q02m/skret/internal/auth/store.go:74.41,78.3 3 0
github.com/n24q02m/skret/internal/auth/store.go:79.2,79.36 1 1
github.com/n24q02m/skret/internal/auth/store.go:79.36,82.3 2 0
github.com/n24q02m/skret/internal/auth/store.go:83.2,83.51 1 1
github.com/n24q02m/skret/internal/auth/store.go:83.51,86.3 2 0
github.com/n24q02m/skret/internal/auth/store.go:87.2,87.12 1 1
github.com/n24q02m/skret/internal/auth/store.go:91.46,93.16 2 1
github.com/n24q02m/skret/internal/auth/store.go:93.16,95.3 1 0
github.com/n24q02m/skret/internal/auth/store.go:96.2,97.19 2 1
github.com/n24q02m/skret/internal/auth/store.go:101.60,103.16 2 1
github.com/n24q02m/skret/internal/auth/store.go:103.16,105.3 1 1
github.com/n24q02m/skret/internal/auth/store.go:106.2,107.9 2 1
github.com/n24q02m/skret/internal/auth/store.go:107.9,109.3 1 1
github.com/n24q02m/skret/internal/auth/store.go:110.2,111.15 2 1
github.com/n24q02m/skret/internal/auth/store.go:115.47,117.16 2 1
github.com/n24q02m/skret/internal/auth/store.go:117.16,119.3 1 0
github.com/n24q02m/skret/internal/auth/store.go:120.2,121.19 2 1
github.com/n24q02m/skret/internal/auth/store.go:125.42,127.16 2 1
github.com/n24q02m/skret/internal/auth/store.go:127.16,129.3 1 0
github.com/n24q02m/skret/internal/auth/store.go:130.2,131.29 2 1
github.com/n24q02m/skret/internal/auth/store.go:131.29,133.3 1 1
github.com/n24q02m/skret/internal/auth/store.go:134.2,134.19 1 1
